#
# A fatal error has been detected by the Java Runtime Environment:
#
#  EXCEPTION_ACCESS_VIOLATION (0xc0000005) at pc=0x00007ffc6d140eca, pid=14584, tid=7664
#
# JRE version: Java(TM) SE Runtime Environment (18.0.2.1+1) (build 18.0.2.1+1-1)
# Java VM: Java HotSpot(TM) 64-Bit Server VM (18.0.2.1+1-1, mixed mode, sharing, tiered, compressed oops, compressed class ptrs, g1 gc, windows-amd64)
# Problematic frame:
# V  [jvm.dll+0x760eca]
#
# No core dump will be written. Minidumps are not enabled by default on client versions of Windows
#
# If you would like to submit a bug report, please visit:
#   https://bugreport.java.com/bugreport/crash.jsp
#

---------------  S U M M A R Y ------------

Command Line: -XX:+ShowCodeDetailsInExceptionMessages -agentlib:jdwp=transport=dt_socket,suspend=y,address=localhost:50701 --enable-preview -javaagent:C:\Users\marco\Desktop\eclipse\configuration\org.eclipse.osgi\215\0\.cp\lib\javaagent-shaded.jar -Dfile.encoding=UTF-8 --module-path=C:\Users\marco\Desktop\workspace adda23\PI5_marrodgar60\bin;C:\Users\marco\git\ada_v2_18\java\Grafos\bin;C:\Users\marco\git\ada_v2_18\java\Solve\bin;C:\Users\marco\git\ada_v2_18\java\ParteComun\target\classes;C:\Users\marco\git\ada_v2_18\java\ParteComun\lib\antlr4-runtime-4.9.2.jar;C:\Users\marco\git\ada_v2_18\java\ParteComun\lib\jgrapht-core-1.5.0.jar;C:\Users\marco\git\ada_v2_18\java\ParteComun\lib\jgrapht-io-1.5.0.jar;C:\Users\marco\git\ada_v2_18\java\ParteComun\lib\jheaps-0.13.jar;C:\Users\marco\git\ada_v2_18\java\ParteComun\lib\commons-text-1.8.jar;C:\Users\marco\git\ada_v2_18\java\ParteComun\lib\commons-math3-3.6.1.jar;C:\Users\marco\git\ada_v2_18\java\ParteComun\lib\juniversalchardet-1.0.3.jar;C:\Users\marco\git\ada_v2_18\java\ParteComun\lib\matplotlib4j-0.5.1.jar;C:\Users\marco\git\ada_v2_18\java\ParteComun\lib\slf4j-api-1.7.7.jar;C:\Users\marco\git\ada_v2_18\java\ParteComun\lib\slf4j-log4j12-1.7.7.jar;C:\Users\marco\git\ada_v2_18\java\ParteComun\lib\log4j-1.2.17.jar;C:\Users\marco\git\ada_v2_18\java\ParteComun\lib\guava-15.0.jar;C:\Users\marco\git\ada_v2_18\java\DatosCompartidos\bin;C:\Users\marco\git\ada_v2_18\java\Solve\lib\gurobi.jar;C:\Users\marco\git\ada_v2_18\java\Solve\lib\antlr4-runtime-4.9.2.jar;C:\Users\marco\git\ada_v2_18\java\Grafos\lib\commons-lang3-3.9.jar;C:\Users\marco\git\ada_v2_18\java\Grafos\lib\commons-text-1.8.jar;C:\Users\marco\git\ada_v2_18\java\Grafos\lib\jgrapht-core-1.5.0.jar;C:\Users\marco\git\ada_v2_18\java\Grafos\lib\jgrapht-io-1.5.0.jar;C:\Users\marco\git\ada_v2_18\java\Grafos\lib\jheaps-0.13.jar --enable-preview -Djdk.module.main=miUVUS_PI5 miUVUS_PI5/ejercicio3.TestEjercicio3B

Host: AMD Ryzen 5 3600 6-Core Processor              , 12 cores, 31G,  Windows 11 , 64 bit Build 22621 (10.0.22621.1635)
Time: Sat May 13 12:33:26 2023 Hora de verano romance elapsed time: 32.856156 seconds (0d 0h 0m 32s)

---------------  T H R E A D  ---------------

Current thread (0x000002b1a5c6e9f0):  JavaThread "JDWP Transport Listener: dt_socket" daemon [_thread_in_vm, id=7664, stack(0x000000d498f00000,0x000000d499000000)]

Stack: [0x000000d498f00000,0x000000d499000000],  sp=0x000000d498fff320,  free space=1020k
Native frames: (J=compiled Java code, j=interpreted, Vv=VM code, C=native code)
V  [jvm.dll+0x760eca]
V  [jvm.dll+0x52c54c]
V  [jvm.dll+0x4f3d5b]
C  [jdwp.dll+0x230a7]


siginfo: EXCEPTION_ACCESS_VIOLATION (0xc0000005), reading address 0x0000000000d50011


Register to memory mapping:

RIP=0x00007ffc6d140eca jvm.dll
RAX=0x00000000000000d4 is an unknown value
RBX=0x000002b1a520a93e points into unknown readable memory: 00 63
RCX=0x0000000000d5000d is an unknown value
RDX=0x000002b1a5a5d0d0 points into unknown readable memory: 0x63696372656a654c | 4c 65 6a 65 72 63 69 63
RSP=0x000000d498fff320 is pointing into the stack for thread: 0x000002b1a5c6e9f0
RBP=0x000002b1a57dc130 points into unknown readable memory: 0x0000000000000002 | 02 00 00 00 00 00 00 00
RSI=0x0 is NULL
RDI=0xffffffffffffffff is an unknown value
R8 =0x000000000000016e is an unknown value
R9 =0x0000000000000040 is an unknown value
R10=0x0000000000000140 is an unknown value
R11=0x000000d498fff340 is pointing into the stack for thread: 0x000002b1a5c6e9f0
R12=0x000000d498fff478 is pointing into the stack for thread: 0x000002b1a5c6e9f0
R13=0x0 is NULL
R14=0x0000000800c0af88 is a pointer to class: 
ejercicio3.Ejercicio3Vertex {0x0000000800c0af90}
 - instance size:     4
 - klass size:        80
 - access:            public final synchronized 
 - state:             fully_initialized
 - name:              'ejercicio3/Ejercicio3Vertex'
 - super:             'java/lang/Record'
 - sub:               
 - arrays:            NULL
 - methods:           Array<T>(0x000002b1a14b1148)
 - method ordering:   Array<T>(0x000002b1a14b2348)
 - default_methods:   Array<T>(0x000002b1a1461dd8)
 - default vtable indices:   Array<T>(0x000002b1a1461e10)
 - local interfaces:  Array<T>(0x000002b1a1454f88)
 - trans. interfaces: Array<T>(0x000002b1a1454f88)
 - constants:         constant pool [263]/operands[39] {0x000002b1a14b6008} for 'ejercicio3/Ejercicio3Vertex' cache=0x000002b1a14b38c0
 - class loader data:  loader data: 0x000002b1a51b1eb0 for instance a 'jdk/internal/loader/ClassLoaders$AppClassLoader'{0x000000062106c908}
 - source file:       'Ejercicio3Vertex.java'
 - source debug extension:       SMAP
Ejercicio3Vertex.java
Java
*S jdt
*F
1 Ejercicio3Vertex.java
2 file:/C:/Users/marco/Desktop/workspace%20adda23/PI5_marrodgar60/bin/
*L
*E

 - class annotations:       Array<T>(0x0000000000000000)
 - class type annotations:  Array<T>(0x0000000000000000)
 - field annotations:       Array<T>(0x0000000000000000)
 - field type annotations:  Array<T>(0x0000000000000000)
 - generic signature: '
[error occurred during error reporting (printing register info), id 0xc0000005, EXCEPTION_ACCESS_VIOLATION (0xc0000005) at pc=0x00007ffc6d141ad6]

Registers:
RAX=0x00000000000000d4, RBX=0x000002b1a520a93e, RCX=0x0000000000d5000d, RDX=0x000002b1a5a5d0d0
RSP=0x000000d498fff320, RBP=0x000002b1a57dc130, RSI=0x0000000000000000, RDI=0xffffffffffffffff
R8 =0x000000000000016e, R9 =0x0000000000000040, R10=0x0000000000000140, R11=0x000000d498fff340
R12=0x000000d498fff478, R13=0x0000000000000000, R14=0x0000000800c0af88, R15=0x000000d498fff4c8
RIP=0x00007ffc6d140eca, EFLAGS=0x0000000000010202

Top of Stack: (sp=0x000000d498fff320)
0x000000d498fff320:   000000000000001b 0000000800c0af88
0x000000d498fff330:   000002b1a5c6e9f0 0000000000000000
0x000000d498fff340:   ffffffffffffffff 00007ffc6cf0c54c
0x000000d498fff350:   000002b1a520a93e 000002b1a57dc130
0x000000d498fff360:   0000000000000000 000002b1a5c6ec80
0x000000d498fff370:   000002b1a520a8f0 00000000000003d8
0x000000d498fff380:   000002b1a520a900 000002b1a520acd8
0x000000d498fff390:   0000000000000002 000000d498fff478
0x000000d498fff3a0:   0000000000000000 0000000000000000
0x000000d498fff3b0:   0000000620789f20 00007ffc6ced3d5b
0x000000d498fff3c0:   000002b1a5c6e9f0 000000d498fff4c8
0x000000d498fff3d0:   000002b1f3c9dbf0 000000d498fff4c8
0x000000d498fff3e0:   000002b1a5c6e9f0 0000000000000000
0x000000d498fff3f0:   000002b100000000 0000000000000000
0x000000d498fff400:   000000000000000d 00007ffd07cc30a7
0x000000d498fff410:   000000d498fff4c0 00007ffd07cd1718 

Instructions: (pc=0x00007ffc6d140eca)
0x00007ffc6d140dca:   48 8b f8 48 85 db 74 08 48 8b cb e8 16 ad f0 ff
0x00007ffc6d140dda:   48 8b 5c 24 30 48 8b c7 48 83 c4 20 5f c3 8d 42
0x00007ffc6d140dea:   06 83 ff 02 b9 08 00 00 00 0f 4e c1 45 33 c0 48
0x00007ffc6d140dfa:   63 c8 48 83 c1 07 83 e1 f8 48 63 c9 41 8d 50 0b
0x00007ffc6d140e0a:   48 83 c4 20 5f e9 1c 23 95 ff cc cc cc cc cc cc
0x00007ffc6d140e1a:   cc cc cc cc cc cc 83 fa 02 8d 42 06 b9 08 00 00
0x00007ffc6d140e2a:   00 4d 8b c8 0f 4e c1 48 63 c8 49 8b 40 18 48 83
0x00007ffc6d140e3a:   c1 07 83 e1 f8 48 63 d1 49 8b 48 20 48 2b c8 48
0x00007ffc6d140e4a:   3b ca 72 09 48 8d 0c 10 49 89 48 18 c3 45 33 c0
0x00007ffc6d140e5a:   49 8b c9 e9 fe 80 95 ff cc cc cc cc cc cc cc cc
0x00007ffc6d140e6a:   cc cc cc cc cc cc 4c 8b d2 4c 8b d9 45 85 c0 7e
0x00007ffc6d140e7a:   3c 44 0f b7 49 04 41 8d 40 ff 41 3b c1 44 0f 4c
0x00007ffc6d140e8a:   c8 4d 63 c1 45 85 c9 7e 1f 48 8b c2 4c 2b da 49
0x00007ffc6d140e9a:   8b d0 0f 1f 40 00 41 0f b6 4c 03 06 88 08 48 8d
0x00007ffc6d140eaa:   40 01 48 83 ea 01 75 ee 43 c6 04 10 00 49 8b c2
0x00007ffc6d140eba:   c3 cc cc cc cc cc 48 89 5c 24 08 57 48 83 ec 20
0x00007ffc6d140eca:   0f b7 59 04 48 8b f9 33 d2 48 8d 4b 01 e8 14 d4
0x00007ffc6d140eda:   f8 ff 0f b7 57 04 4c 8b c0 3b da 0f 42 d3 44 8b
0x00007ffc6d140eea:   ca 85 d2 74 39 48 2b f8 0f 1f 40 00 66 66 0f 1f
0x00007ffc6d140efa:   84 00 00 00 00 00 0f b6 4c 07 06 88 08 48 ff c0
0x00007ffc6d140f0a:   48 8b c8 49 2b c8 49 3b c9 7c eb 42 c6 04 02 00
0x00007ffc6d140f1a:   49 8b c0 48 8b 5c 24 30 48 83 c4 20 5f c3 48 8b
0x00007ffc6d140f2a:   5c 24 30 c6 04 02 00 48 83 c4 20 5f c3 cc cc cc
0x00007ffc6d140f3a:   cc cc cc cc cc cc 4c 8b d1 45 85 c0 7e 6c 44 0f
0x00007ffc6d140f4a:   b7 49 04 41 8d 40 ff 41 3b c1 44 0f 4c c8 4d 63
0x00007ffc6d140f5a:   d9 45 85 c9 7e 22 48 8b ca 4c 2b d2 4d 8b c3 0f
0x00007ffc6d140f6a:   1f 80 00 00 00 00 41 0f b6 44 0a 06 88 01 48 8d
0x00007ffc6d140f7a:   49 01 49 83 e8 01 75 ee 41 c6 04 13 00 48 c7 c0
0x00007ffc6d140f8a:   ff ff ff ff 66 90 48 ff c0 80 3c 02 00 75 f7 48
0x00007ffc6d140f9a:   63 c8 85 c0 48 8b c2 7e 14 80 38 2f 75 03 c6 00
0x00007ffc6d140faa:   2e 48 ff c0 48 83 e9 01 75 ef 48 8b c2 c3 cc cc
0x00007ffc6d140fba:   cc cc cc cc cc cc 48 83 ec 28 e8 f7 fe ff ff 4c 


Stack slot to memory mapping:
stack at sp + 0 slots: 0x000000000000001b is an unknown value
stack at sp + 1 slots: 0x0000000800c0af88 is a pointer to class: 
ejercicio3.Ejercicio3Vertex {0x0000000800c0af90}
 - instance size:     4
 - klass size:        80
 - access:            public final synchronized 
 - state:             fully_initialized
 - name:              'ejercicio3/Ejercicio3Vertex'
 - super:             'java/lang/Record'
 - sub:               
 - arrays:            NULL
 - methods:           Array<T>(0x000002b1a14b1148)
 - method ordering:   Array<T>(0x000002b1a14b2348)
 - default_methods:   Array<T>(0x000002b1a1461dd8)
 - default vtable indices:   Array<T>(0x000002b1a1461e10)
 - local interfaces:  Array<T>(0x000002b1a1454f88)
 - trans. interfaces: Array<T>(0x000002b1a1454f88)
 - constants:         constant pool [263]/operands[39] {0x000002b1a14b6008} for 'ejercicio3/Ejercicio3Vertex' cache=0x000002b1a14b38c0
 - class loader data:  loader data: 0x000002b1a51b1eb0 for instance a 'jdk/internal/loader/ClassLoaders$AppClassLoader'{0x000000062106c908}
 - source file:       'Ejercicio3Vertex.java'
 - source debug extension:       SMAP
Ejercicio3Vertex.java
Java
*S jdt
*F
1 Ejercicio3Vertex.java
2 file:/C:/Users/marco/Desktop/workspace%20adda23/PI5_marrodgar60/bin/
*L
*E

 - class annotations:       Array<T>(0x0000000000000000)
 - class type annotations:  Array<T>(0x0000000000000000)
 - field annotations:       Array<T>(0x0000000000000000)
 - field type annotations:  Array<T>(0x0000000000000000)
 - generic signature: '
[error occurred during error reporting (inspecting top of stack), id 0xc0000005, EXCEPTION_ACCESS_VIOLATION (0xc0000005) at pc=0x00007ffc6d141ad6]


---------------  P R O C E S S  ---------------

Threads class SMR info:
_java_thread_list=0x000002b1a5a5b1b0, length=15, elements={
0x000002b1f3caf790, 0x000002b1fecefd90, 0x000002b1fecf0730, 0x000002b1fed087c0,
0x000002b1fed09160, 0x000002b1fed09b00, 0x000002b1fed12ac0, 0x000002b1fed157a0,
0x000002b1fed20210, 0x000002b1fed21300, 0x000002b1a51dce40, 0x000002b1a5c6e9f0,
0x000002b1a56cd3e0, 0x000002b1a56cd8c0, 0x000002b1a553c0b0
}

Java Threads: ( => current thread )
  0x000002b1f3caf790 JavaThread "main" [_thread_blocked, id=11804, stack(0x000000d497c00000,0x000000d497d00000)]
  0x000002b1fecefd90 JavaThread "Reference Handler" daemon [_thread_blocked, id=8648, stack(0x000000d498300000,0x000000d498400000)]
  0x000002b1fecf0730 JavaThread "Finalizer" daemon [_thread_blocked, id=7216, stack(0x000000d498400000,0x000000d498500000)]
  0x000002b1fed087c0 JavaThread "Signal Dispatcher" daemon [_thread_blocked, id=16144, stack(0x000000d498500000,0x000000d498600000)]
  0x000002b1fed09160 JavaThread "Attach Listener" daemon [_thread_blocked, id=16280, stack(0x000000d498600000,0x000000d498700000)]
  0x000002b1fed09b00 JavaThread "Service Thread" daemon [_thread_blocked, id=5096, stack(0x000000d498700000,0x000000d498800000)]
  0x000002b1fed12ac0 JavaThread "Monitor Deflation Thread" daemon [_thread_blocked, id=15936, stack(0x000000d498800000,0x000000d498900000)]
  0x000002b1fed157a0 JavaThread "C2 CompilerThread0" daemon [_thread_blocked, id=1260, stack(0x000000d498900000,0x000000d498a00000)]
  0x000002b1fed20210 JavaThread "C1 CompilerThread0" daemon [_thread_blocked, id=11768, stack(0x000000d498a00000,0x000000d498b00000)]
  0x000002b1fed21300 JavaThread "Sweeper thread" daemon [_thread_blocked, id=13288, stack(0x000000d498b00000,0x000000d498c00000)]
  0x000002b1a51dce40 JavaThread "Common-Cleaner" daemon [_thread_blocked, id=11816, stack(0x000000d498c00000,0x000000d498d00000)]
=>0x000002b1a5c6e9f0 JavaThread "JDWP Transport Listener: dt_socket" daemon [_thread_in_vm, id=7664, stack(0x000000d498f00000,0x000000d499000000)]
  0x000002b1a56cd3e0 JavaThread "JDWP Event Helper Thread" daemon [_thread_blocked, id=13720, stack(0x000000d499000000,0x000000d499100000)]
  0x000002b1a56cd8c0 JavaThread "JDWP Command Reader" daemon [_thread_in_native, id=8624, stack(0x000000d499100000,0x000000d499200000)]
  0x000002b1a553c0b0 JavaThread "Notification Thread" daemon [_thread_blocked, id=1700, stack(0x000000d499200000,0x000000d499300000)]

Other Threads:
  0x000002b1feb52f00 VMThread "VM Thread" [stack: 0x000000d498200000,0x000000d498300000] [id=3884]
  0x000002b1f3cb1600 WatcherThread "VM Periodic Task Thread" [stack: 0x000000d499300000,0x000000d499400000] [id=5596]
  0x000002b1f3d62950 WorkerThread "GC Thread#0" [stack: 0x000000d497d00000,0x000000d497e00000] [id=13400]
  0x000002b1feb487e0 ConcurrentGCThread "G1 Main Marker" [stack: 0x000000d497e00000,0x000000d497f00000] [id=2804]
  0x000002b1f3d6cbe0 WorkerThread "G1 Conc#0" [stack: 0x000000d497f00000,0x000000d498000000] [id=13940]
  0x000002b1feba3c70 ConcurrentGCThread "G1 Refine#0" [stack: 0x000000d498000000,0x000000d498100000] [id=13068]
  0x000002b1feba5430 ConcurrentGCThread "G1 Service" [stack: 0x000000d498100000,0x000000d498200000] [id=13272]

Threads with active compile tasks:

VM state: not at safepoint (normal execution)

VM Mutex/Monitor currently owned by a thread: None

Heap address: 0x0000000601400000, size: 8172 MB, Compressed Oops mode: Zero based, Oop shift amount: 3

CDS archive(s) mapped at: [0x0000000800000000-0x0000000800ba0000-0x0000000800ba0000), size 12189696, SharedBaseAddress: 0x0000000800000000, ArchiveRelocationMode: 0.
Compressed class space mapped at: 0x0000000800c00000-0x0000000840c00000, reserved size: 1073741824
Narrow klass base: 0x0000000800000000, Narrow klass shift: 0, Narrow klass range: 0x100000000

GC Precious Log:
 CardTable entry size: 512
 Card Set container configuration: InlinePtr #cards 4 size 8 Array Of Cards #cards 32 size 80 Howl #buckets 8 coarsen threshold 7372 Howl Bitmap #cards 1024 size 144 coarsen threshold 921 Card regions per heap region 1 cards per card region 8192
 CPUs: 12 total, 12 available
 Memory: 32679M
 Large Page Support: Disabled
 NUMA Support: Disabled
 Compressed Oops: Enabled (Zero based)
 Heap Region Size: 4M
 Heap Min Capacity: 8M
 Heap Initial Capacity: 512M
 Heap Max Capacity: 8172M
 Pre-touch: Disabled
 Parallel Workers: 10
 Concurrent Workers: 3
 Concurrent Refinement Workers: 10
 Periodic GC: Disabled

Heap:
 garbage-first heap   total 524288K, used 16384K [0x0000000601400000, 0x0000000800000000)
  region size 4096K, 5 young (20480K), 0 survivors (0K)
 Metaspace       used 4075K, committed 4288K, reserved 1114112K
  class space    used 369K, committed 448K, reserved 1048576K

Heap Regions: E=young(eden), S=young(survivor), O=old, HS=humongous(starts), HC=humongous(continues), CS=collection set, F=free, OA=open archive, CA=closed archive, TAMS=top-at-mark-start (previous, next)
|   0|0x0000000601400000, 0x0000000601400000, 0x0000000601800000|  0%| F|  |TAMS 0x0000000601400000, 0x0000000601400000| Untracked 
|   1|0x0000000601800000, 0x0000000601800000, 0x0000000601c00000|  0%| F|  |TAMS 0x0000000601800000, 0x0000000601800000| Untracked 
|   2|0x0000000601c00000, 0x0000000601c00000, 0x0000000602000000|  0%| F|  |TAMS 0x0000000601c00000, 0x0000000601c00000| Untracked 
|   3|0x0000000602000000, 0x0000000602000000, 0x0000000602400000|  0%| F|  |TAMS 0x0000000602000000, 0x0000000602000000| Untracked 
|   4|0x0000000602400000, 0x0000000602400000, 0x0000000602800000|  0%| F|  |TAMS 0x0000000602400000, 0x0000000602400000| Untracked 
|   5|0x0000000602800000, 0x0000000602800000, 0x0000000602c00000|  0%| F|  |TAMS 0x0000000602800000, 0x0000000602800000| Untracked 
|   6|0x0000000602c00000, 0x0000000602c00000, 0x0000000603000000|  0%| F|  |TAMS 0x0000000602c00000, 0x0000000602c00000| Untracked 
|   7|0x0000000603000000, 0x0000000603000000, 0x0000000603400000|  0%| F|  |TAMS 0x0000000603000000, 0x0000000603000000| Untracked 
|   8|0x0000000603400000, 0x0000000603400000, 0x0000000603800000|  0%| F|  |TAMS 0x0000000603400000, 0x0000000603400000| Untracked 
|   9|0x0000000603800000, 0x0000000603800000, 0x0000000603c00000|  0%| F|  |TAMS 0x0000000603800000, 0x0000000603800000| Untracked 
|  10|0x0000000603c00000, 0x0000000603c00000, 0x0000000604000000|  0%| F|  |TAMS 0x0000000603c00000, 0x0000000603c00000| Untracked 
|  11|0x0000000604000000, 0x0000000604000000, 0x0000000604400000|  0%| F|  |TAMS 0x0000000604000000, 0x0000000604000000| Untracked 
|  12|0x0000000604400000, 0x0000000604400000, 0x0000000604800000|  0%| F|  |TAMS 0x0000000604400000, 0x0000000604400000| Untracked 
|  13|0x0000000604800000, 0x0000000604800000, 0x0000000604c00000|  0%| F|  |TAMS 0x0000000604800000, 0x0000000604800000| Untracked 
|  14|0x0000000604c00000, 0x0000000604c00000, 0x0000000605000000|  0%| F|  |TAMS 0x0000000604c00000, 0x0000000604c00000| Untracked 
|  15|0x0000000605000000, 0x0000000605000000, 0x0000000605400000|  0%| F|  |TAMS 0x0000000605000000, 0x0000000605000000| Untracked 
|  16|0x0000000605400000, 0x0000000605400000, 0x0000000605800000|  0%| F|  |TAMS 0x0000000605400000, 0x0000000605400000| Untracked 
|  17|0x0000000605800000, 0x0000000605800000, 0x0000000605c00000|  0%| F|  |TAMS 0x0000000605800000, 0x0000000605800000| Untracked 
|  18|0x0000000605c00000, 0x0000000605c00000, 0x0000000606000000|  0%| F|  |TAMS 0x0000000605c00000, 0x0000000605c00000| Untracked 
|  19|0x0000000606000000, 0x0000000606000000, 0x0000000606400000|  0%| F|  |TAMS 0x0000000606000000, 0x0000000606000000| Untracked 
|  20|0x0000000606400000, 0x0000000606400000, 0x0000000606800000|  0%| F|  |TAMS 0x0000000606400000, 0x0000000606400000| Untracked 
|  21|0x0000000606800000, 0x0000000606800000, 0x0000000606c00000|  0%| F|  |TAMS 0x0000000606800000, 0x0000000606800000| Untracked 
|  22|0x0000000606c00000, 0x0000000606c00000, 0x0000000607000000|  0%| F|  |TAMS 0x0000000606c00000, 0x0000000606c00000| Untracked 
|  23|0x0000000607000000, 0x0000000607000000, 0x0000000607400000|  0%| F|  |TAMS 0x0000000607000000, 0x0000000607000000| Untracked 
|  24|0x0000000607400000, 0x0000000607400000, 0x0000000607800000|  0%| F|  |TAMS 0x0000000607400000, 0x0000000607400000| Untracked 
|  25|0x0000000607800000, 0x0000000607800000, 0x0000000607c00000|  0%| F|  |TAMS 0x0000000607800000, 0x0000000607800000| Untracked 
|  26|0x0000000607c00000, 0x0000000607c00000, 0x0000000608000000|  0%| F|  |TAMS 0x0000000607c00000, 0x0000000607c00000| Untracked 
|  27|0x0000000608000000, 0x0000000608000000, 0x0000000608400000|  0%| F|  |TAMS 0x0000000608000000, 0x0000000608000000| Untracked 
|  28|0x0000000608400000, 0x0000000608400000, 0x0000000608800000|  0%| F|  |TAMS 0x0000000608400000, 0x0000000608400000| Untracked 
|  29|0x0000000608800000, 0x0000000608800000, 0x0000000608c00000|  0%| F|  |TAMS 0x0000000608800000, 0x0000000608800000| Untracked 
|  30|0x0000000608c00000, 0x0000000608c00000, 0x0000000609000000|  0%| F|  |TAMS 0x0000000608c00000, 0x0000000608c00000| Untracked 
|  31|0x0000000609000000, 0x0000000609000000, 0x0000000609400000|  0%| F|  |TAMS 0x0000000609000000, 0x0000000609000000| Untracked 
|  32|0x0000000609400000, 0x0000000609400000, 0x0000000609800000|  0%| F|  |TAMS 0x0000000609400000, 0x0000000609400000| Untracked 
|  33|0x0000000609800000, 0x0000000609800000, 0x0000000609c00000|  0%| F|  |TAMS 0x0000000609800000, 0x0000000609800000| Untracked 
|  34|0x0000000609c00000, 0x0000000609c00000, 0x000000060a000000|  0%| F|  |TAMS 0x0000000609c00000, 0x0000000609c00000| Untracked 
|  35|0x000000060a000000, 0x000000060a000000, 0x000000060a400000|  0%| F|  |TAMS 0x000000060a000000, 0x000000060a000000| Untracked 
|  36|0x000000060a400000, 0x000000060a400000, 0x000000060a800000|  0%| F|  |TAMS 0x000000060a400000, 0x000000060a400000| Untracked 
|  37|0x000000060a800000, 0x000000060a800000, 0x000000060ac00000|  0%| F|  |TAMS 0x000000060a800000, 0x000000060a800000| Untracked 
|  38|0x000000060ac00000, 0x000000060ac00000, 0x000000060b000000|  0%| F|  |TAMS 0x000000060ac00000, 0x000000060ac00000| Untracked 
|  39|0x000000060b000000, 0x000000060b000000, 0x000000060b400000|  0%| F|  |TAMS 0x000000060b000000, 0x000000060b000000| Untracked 
|  40|0x000000060b400000, 0x000000060b400000, 0x000000060b800000|  0%| F|  |TAMS 0x000000060b400000, 0x000000060b400000| Untracked 
|  41|0x000000060b800000, 0x000000060b800000, 0x000000060bc00000|  0%| F|  |TAMS 0x000000060b800000, 0x000000060b800000| Untracked 
|  42|0x000000060bc00000, 0x000000060bc00000, 0x000000060c000000|  0%| F|  |TAMS 0x000000060bc00000, 0x000000060bc00000| Untracked 
|  43|0x000000060c000000, 0x000000060c000000, 0x000000060c400000|  0%| F|  |TAMS 0x000000060c000000, 0x000000060c000000| Untracked 
|  44|0x000000060c400000, 0x000000060c400000, 0x000000060c800000|  0%| F|  |TAMS 0x000000060c400000, 0x000000060c400000| Untracked 
|  45|0x000000060c800000, 0x000000060c800000, 0x000000060cc00000|  0%| F|  |TAMS 0x000000060c800000, 0x000000060c800000| Untracked 
|  46|0x000000060cc00000, 0x000000060cc00000, 0x000000060d000000|  0%| F|  |TAMS 0x000000060cc00000, 0x000000060cc00000| Untracked 
|  47|0x000000060d000000, 0x000000060d000000, 0x000000060d400000|  0%| F|  |TAMS 0x000000060d000000, 0x000000060d000000| Untracked 
|  48|0x000000060d400000, 0x000000060d400000, 0x000000060d800000|  0%| F|  |TAMS 0x000000060d400000, 0x000000060d400000| Untracked 
|  49|0x000000060d800000, 0x000000060d800000, 0x000000060dc00000|  0%| F|  |TAMS 0x000000060d800000, 0x000000060d800000| Untracked 
|  50|0x000000060dc00000, 0x000000060dc00000, 0x000000060e000000|  0%| F|  |TAMS 0x000000060dc00000, 0x000000060dc00000| Untracked 
|  51|0x000000060e000000, 0x000000060e000000, 0x000000060e400000|  0%| F|  |TAMS 0x000000060e000000, 0x000000060e000000| Untracked 
|  52|0x000000060e400000, 0x000000060e400000, 0x000000060e800000|  0%| F|  |TAMS 0x000000060e400000, 0x000000060e400000| Untracked 
|  53|0x000000060e800000, 0x000000060e800000, 0x000000060ec00000|  0%| F|  |TAMS 0x000000060e800000, 0x000000060e800000| Untracked 
|  54|0x000000060ec00000, 0x000000060ec00000, 0x000000060f000000|  0%| F|  |TAMS 0x000000060ec00000, 0x000000060ec00000| Untracked 
|  55|0x000000060f000000, 0x000000060f000000, 0x000000060f400000|  0%| F|  |TAMS 0x000000060f000000, 0x000000060f000000| Untracked 
|  56|0x000000060f400000, 0x000000060f400000, 0x000000060f800000|  0%| F|  |TAMS 0x000000060f400000, 0x000000060f400000| Untracked 
|  57|0x000000060f800000, 0x000000060f800000, 0x000000060fc00000|  0%| F|  |TAMS 0x000000060f800000, 0x000000060f800000| Untracked 
|  58|0x000000060fc00000, 0x000000060fc00000, 0x0000000610000000|  0%| F|  |TAMS 0x000000060fc00000, 0x000000060fc00000| Untracked 
|  59|0x0000000610000000, 0x0000000610000000, 0x0000000610400000|  0%| F|  |TAMS 0x0000000610000000, 0x0000000610000000| Untracked 
|  60|0x0000000610400000, 0x0000000610400000, 0x0000000610800000|  0%| F|  |TAMS 0x0000000610400000, 0x0000000610400000| Untracked 
|  61|0x0000000610800000, 0x0000000610800000, 0x0000000610c00000|  0%| F|  |TAMS 0x0000000610800000, 0x0000000610800000| Untracked 
|  62|0x0000000610c00000, 0x0000000610c00000, 0x0000000611000000|  0%| F|  |TAMS 0x0000000610c00000, 0x0000000610c00000| Untracked 
|  63|0x0000000611000000, 0x0000000611000000, 0x0000000611400000|  0%| F|  |TAMS 0x0000000611000000, 0x0000000611000000| Untracked 
|  64|0x0000000611400000, 0x0000000611400000, 0x0000000611800000|  0%| F|  |TAMS 0x0000000611400000, 0x0000000611400000| Untracked 
|  65|0x0000000611800000, 0x0000000611800000, 0x0000000611c00000|  0%| F|  |TAMS 0x0000000611800000, 0x0000000611800000| Untracked 
|  66|0x0000000611c00000, 0x0000000611c00000, 0x0000000612000000|  0%| F|  |TAMS 0x0000000611c00000, 0x0000000611c00000| Untracked 
|  67|0x0000000612000000, 0x0000000612000000, 0x0000000612400000|  0%| F|  |TAMS 0x0000000612000000, 0x0000000612000000| Untracked 
|  68|0x0000000612400000, 0x0000000612400000, 0x0000000612800000|  0%| F|  |TAMS 0x0000000612400000, 0x0000000612400000| Untracked 
|  69|0x0000000612800000, 0x0000000612800000, 0x0000000612c00000|  0%| F|  |TAMS 0x0000000612800000, 0x0000000612800000| Untracked 
|  70|0x0000000612c00000, 0x0000000612c00000, 0x0000000613000000|  0%| F|  |TAMS 0x0000000612c00000, 0x0000000612c00000| Untracked 
|  71|0x0000000613000000, 0x0000000613000000, 0x0000000613400000|  0%| F|  |TAMS 0x0000000613000000, 0x0000000613000000| Untracked 
|  72|0x0000000613400000, 0x0000000613400000, 0x0000000613800000|  0%| F|  |TAMS 0x0000000613400000, 0x0000000613400000| Untracked 
|  73|0x0000000613800000, 0x0000000613800000, 0x0000000613c00000|  0%| F|  |TAMS 0x0000000613800000, 0x0000000613800000| Untracked 
|  74|0x0000000613c00000, 0x0000000613c00000, 0x0000000614000000|  0%| F|  |TAMS 0x0000000613c00000, 0x0000000613c00000| Untracked 
|  75|0x0000000614000000, 0x0000000614000000, 0x0000000614400000|  0%| F|  |TAMS 0x0000000614000000, 0x0000000614000000| Untracked 
|  76|0x0000000614400000, 0x0000000614400000, 0x0000000614800000|  0%| F|  |TAMS 0x0000000614400000, 0x0000000614400000| Untracked 
|  77|0x0000000614800000, 0x0000000614800000, 0x0000000614c00000|  0%| F|  |TAMS 0x0000000614800000, 0x0000000614800000| Untracked 
|  78|0x0000000614c00000, 0x0000000614c00000, 0x0000000615000000|  0%| F|  |TAMS 0x0000000614c00000, 0x0000000614c00000| Untracked 
|  79|0x0000000615000000, 0x0000000615000000, 0x0000000615400000|  0%| F|  |TAMS 0x0000000615000000, 0x0000000615000000| Untracked 
|  80|0x0000000615400000, 0x0000000615400000, 0x0000000615800000|  0%| F|  |TAMS 0x0000000615400000, 0x0000000615400000| Untracked 
|  81|0x0000000615800000, 0x0000000615800000, 0x0000000615c00000|  0%| F|  |TAMS 0x0000000615800000, 0x0000000615800000| Untracked 
|  82|0x0000000615c00000, 0x0000000615c00000, 0x0000000616000000|  0%| F|  |TAMS 0x0000000615c00000, 0x0000000615c00000| Untracked 
|  83|0x0000000616000000, 0x0000000616000000, 0x0000000616400000|  0%| F|  |TAMS 0x0000000616000000, 0x0000000616000000| Untracked 
|  84|0x0000000616400000, 0x0000000616400000, 0x0000000616800000|  0%| F|  |TAMS 0x0000000616400000, 0x0000000616400000| Untracked 
|  85|0x0000000616800000, 0x0000000616800000, 0x0000000616c00000|  0%| F|  |TAMS 0x0000000616800000, 0x0000000616800000| Untracked 
|  86|0x0000000616c00000, 0x0000000616c00000, 0x0000000617000000|  0%| F|  |TAMS 0x0000000616c00000, 0x0000000616c00000| Untracked 
|  87|0x0000000617000000, 0x0000000617000000, 0x0000000617400000|  0%| F|  |TAMS 0x0000000617000000, 0x0000000617000000| Untracked 
|  88|0x0000000617400000, 0x0000000617400000, 0x0000000617800000|  0%| F|  |TAMS 0x0000000617400000, 0x0000000617400000| Untracked 
|  89|0x0000000617800000, 0x0000000617800000, 0x0000000617c00000|  0%| F|  |TAMS 0x0000000617800000, 0x0000000617800000| Untracked 
|  90|0x0000000617c00000, 0x0000000617c00000, 0x0000000618000000|  0%| F|  |TAMS 0x0000000617c00000, 0x0000000617c00000| Untracked 
|  91|0x0000000618000000, 0x0000000618000000, 0x0000000618400000|  0%| F|  |TAMS 0x0000000618000000, 0x0000000618000000| Untracked 
|  92|0x0000000618400000, 0x0000000618400000, 0x0000000618800000|  0%| F|  |TAMS 0x0000000618400000, 0x0000000618400000| Untracked 
|  93|0x0000000618800000, 0x0000000618800000, 0x0000000618c00000|  0%| F|  |TAMS 0x0000000618800000, 0x0000000618800000| Untracked 
|  94|0x0000000618c00000, 0x0000000618c00000, 0x0000000619000000|  0%| F|  |TAMS 0x0000000618c00000, 0x0000000618c00000| Untracked 
|  95|0x0000000619000000, 0x0000000619000000, 0x0000000619400000|  0%| F|  |TAMS 0x0000000619000000, 0x0000000619000000| Untracked 
|  96|0x0000000619400000, 0x0000000619400000, 0x0000000619800000|  0%| F|  |TAMS 0x0000000619400000, 0x0000000619400000| Untracked 
|  97|0x0000000619800000, 0x0000000619800000, 0x0000000619c00000|  0%| F|  |TAMS 0x0000000619800000, 0x0000000619800000| Untracked 
|  98|0x0000000619c00000, 0x0000000619c00000, 0x000000061a000000|  0%| F|  |TAMS 0x0000000619c00000, 0x0000000619c00000| Untracked 
|  99|0x000000061a000000, 0x000000061a000000, 0x000000061a400000|  0%| F|  |TAMS 0x000000061a000000, 0x000000061a000000| Untracked 
| 100|0x000000061a400000, 0x000000061a400000, 0x000000061a800000|  0%| F|  |TAMS 0x000000061a400000, 0x000000061a400000| Untracked 
| 101|0x000000061a800000, 0x000000061a800000, 0x000000061ac00000|  0%| F|  |TAMS 0x000000061a800000, 0x000000061a800000| Untracked 
| 102|0x000000061ac00000, 0x000000061ac00000, 0x000000061b000000|  0%| F|  |TAMS 0x000000061ac00000, 0x000000061ac00000| Untracked 
| 103|0x000000061b000000, 0x000000061b000000, 0x000000061b400000|  0%| F|  |TAMS 0x000000061b000000, 0x000000061b000000| Untracked 
| 104|0x000000061b400000, 0x000000061b400000, 0x000000061b800000|  0%| F|  |TAMS 0x000000061b400000, 0x000000061b400000| Untracked 
| 105|0x000000061b800000, 0x000000061b800000, 0x000000061bc00000|  0%| F|  |TAMS 0x000000061b800000, 0x000000061b800000| Untracked 
| 106|0x000000061bc00000, 0x000000061bc00000, 0x000000061c000000|  0%| F|  |TAMS 0x000000061bc00000, 0x000000061bc00000| Untracked 
| 107|0x000000061c000000, 0x000000061c000000, 0x000000061c400000|  0%| F|  |TAMS 0x000000061c000000, 0x000000061c000000| Untracked 
| 108|0x000000061c400000, 0x000000061c400000, 0x000000061c800000|  0%| F|  |TAMS 0x000000061c400000, 0x000000061c400000| Untracked 
| 109|0x000000061c800000, 0x000000061c800000, 0x000000061cc00000|  0%| F|  |TAMS 0x000000061c800000, 0x000000061c800000| Untracked 
| 110|0x000000061cc00000, 0x000000061cc00000, 0x000000061d000000|  0%| F|  |TAMS 0x000000061cc00000, 0x000000061cc00000| Untracked 
| 111|0x000000061d000000, 0x000000061d000000, 0x000000061d400000|  0%| F|  |TAMS 0x000000061d000000, 0x000000061d000000| Untracked 
| 112|0x000000061d400000, 0x000000061d400000, 0x000000061d800000|  0%| F|  |TAMS 0x000000061d400000, 0x000000061d400000| Untracked 
| 113|0x000000061d800000, 0x000000061d800000, 0x000000061dc00000|  0%| F|  |TAMS 0x000000061d800000, 0x000000061d800000| Untracked 
| 114|0x000000061dc00000, 0x000000061dc00000, 0x000000061e000000|  0%| F|  |TAMS 0x000000061dc00000, 0x000000061dc00000| Untracked 
| 115|0x000000061e000000, 0x000000061e000000, 0x000000061e400000|  0%| F|  |TAMS 0x000000061e000000, 0x000000061e000000| Untracked 
| 116|0x000000061e400000, 0x000000061e400000, 0x000000061e800000|  0%| F|  |TAMS 0x000000061e400000, 0x000000061e400000| Untracked 
| 117|0x000000061e800000, 0x000000061e800000, 0x000000061ec00000|  0%| F|  |TAMS 0x000000061e800000, 0x000000061e800000| Untracked 
| 118|0x000000061ec00000, 0x000000061ec00000, 0x000000061f000000|  0%| F|  |TAMS 0x000000061ec00000, 0x000000061ec00000| Untracked 
| 119|0x000000061f000000, 0x000000061f000000, 0x000000061f400000|  0%| F|  |TAMS 0x000000061f000000, 0x000000061f000000| Untracked 
| 120|0x000000061f400000, 0x000000061f400000, 0x000000061f800000|  0%| F|  |TAMS 0x000000061f400000, 0x000000061f400000| Untracked 
| 121|0x000000061f800000, 0x000000061f800000, 0x000000061fc00000|  0%| F|  |TAMS 0x000000061f800000, 0x000000061f800000| Untracked 
| 122|0x000000061fc00000, 0x000000061fc00000, 0x0000000620000000|  0%| F|  |TAMS 0x000000061fc00000, 0x000000061fc00000| Untracked 
| 123|0x0000000620000000, 0x000000062026ecb8, 0x0000000620400000| 60%| E|  |TAMS 0x0000000620000000, 0x0000000620000000| Complete 
| 124|0x0000000620400000, 0x0000000620800000, 0x0000000620800000|100%| E|CS|TAMS 0x0000000620400000, 0x0000000620400000| Complete 
| 125|0x0000000620800000, 0x0000000620c00000, 0x0000000620c00000|100%| E|CS|TAMS 0x0000000620800000, 0x0000000620800000| Complete 
| 126|0x0000000620c00000, 0x0000000621000000, 0x0000000621000000|100%| E|CS|TAMS 0x0000000620c00000, 0x0000000620c00000| Complete 
| 127|0x0000000621000000, 0x0000000621400000, 0x0000000621400000|100%| E|CS|TAMS 0x0000000621000000, 0x0000000621000000| Complete 

Card table byte_map: [0x000002b1fcb40000,0x000002b1fdb40000] _byte_map_base: 0x000002b1f9b36000

Marking Bits (Prev, Next): (CMBitMap*) 0x000002b1f3d62f50, (CMBitMap*) 0x000002b1f3d62f90
 Prev Bits: [0x000002b18f000000, 0x000002b196fb0000)
 Next Bits: [0x000002b196fb0000, 0x000002b19ef60000)

Polling page: 0x000002b1f3470000

Metaspace:

Usage:
  Non-class:      3.62 MB used.
      Class:    369.01 KB used.
       Both:      3.98 MB used.

Virtual space:
  Non-class space:       64.00 MB reserved,       3.75 MB (  6%) committed,  1 nodes.
      Class space:        1.00 GB reserved,     448.00 KB ( <1%) committed,  1 nodes.
             Both:        1.06 GB reserved,       4.19 MB ( <1%) committed. 

Chunk freelists:
   Non-Class:  3.29 MB
       Class:  3.51 MB
        Both:  6.79 MB

MaxMetaspaceSize: unlimited
CompressedClassSpaceSize: 1.00 GB
Initial GC threshold: 21.00 MB
Current GC threshold: 21.00 MB
CDS: on
MetaspaceReclaimPolicy: balanced
 - commit_granule_bytes: 65536.
 - commit_granule_words: 8192.
 - virtual_space_node_default_size: 8388608.
 - enlarge_chunks_in_place: 1.
 - new_chunks_are_fully_committed: 0.
 - uncommit_free_chunks: 1.
 - use_allocation_guard: 0.


Internal statistics:

num_allocs_failed_limit: 0.
num_arena_births: 130.
num_arena_deaths: 0.
num_vsnodes_births: 2.
num_vsnodes_deaths: 0.
num_space_committed: 67.
num_space_uncommitted: 0.
num_chunks_returned_to_freelist: 0.
num_chunks_taken_from_freelist: 170.
num_chunk_merges: 0.
num_chunk_splits: 115.
num_chunks_enlarged: 77.
num_inconsistent_stats: 0.

CodeHeap 'non-profiled nmethods': size=120000Kb used=422Kb max_used=422Kb free=119577Kb
 bounds [0x000002b187ad0000, 0x000002b187d40000, 0x000002b18f000000]
CodeHeap 'profiled nmethods': size=120000Kb used=1845Kb max_used=1845Kb free=118154Kb
 bounds [0x000002b1805a0000, 0x000002b180810000, 0x000002b187ad0000]
CodeHeap 'non-nmethods': size=5760Kb used=1222Kb max_used=1241Kb free=4537Kb
 bounds [0x000002b180000000, 0x000002b180270000, 0x000002b1805a0000]
 total_blobs=1487 nmethods=1053 adapters=347
 compilation: enabled
              stopped_count=0, restarted_count=0
 full_count=0

Compilation events (20 events):
Event: 0.485 Thread 0x000002b1fed20210 1043       3       org.eclipse.jdt.launching.internal.org.objectweb.asm.ByteVector::putInt (74 bytes)
Event: 0.485 Thread 0x000002b1fed20210 nmethod 1043 0x000002b180765e90 code [0x000002b180766040, 0x000002b1807662a8]
Event: 0.485 Thread 0x000002b1fed157a0 1045       4       org.eclipse.jdt.launching.internal.org.objectweb.asm.Symbol::<init> (38 bytes)
Event: 0.486 Thread 0x000002b1a5266be0 1046       4       org.eclipse.jdt.launching.internal.org.objectweb.asm.SymbolTable::add (39 bytes)
Event: 0.486 Thread 0x000002b1fed20210 1047       3       org.eclipse.jdt.launching.internal.org.objectweb.asm.Type::hashCode (68 bytes)
Event: 0.486 Thread 0x000002b1fed20210 nmethod 1047 0x000002b180766490 code [0x000002b1807666a0, 0x000002b180766dd8]
Event: 0.486 Thread 0x000002b1fed20210 1048       3       org.eclipse.jdt.launching.internal.org.objectweb.asm.MethodWriter::hasFrames (13 bytes)
Event: 0.486 Thread 0x000002b1fed20210 nmethod 1048 0x000002b180767110 code [0x000002b1807672a0, 0x000002b180767418]
Event: 0.486 Thread 0x000002b1fed20210 1049       3       org.eclipse.jdt.launching.internal.org.objectweb.asm.MethodWriter::putMethodInfo (1274 bytes)
Event: 0.487 Thread 0x000002b1fed157a0 nmethod 1045 0x000002b187b38f90 code [0x000002b187b39100, 0x000002b187b39438]
Event: 0.488 Thread 0x000002b1a5266be0 nmethod 1046 0x000002b187b39510 code [0x000002b187b396a0, 0x000002b187b399b8]
Event: 0.488 Thread 0x000002b1fed20210 nmethod 1049 0x000002b180767490 code [0x000002b180767b40, 0x000002b18076a2f8]
Event: 0.488 Thread 0x000002b1fed20210 1050       3       jdk.internal.org.objectweb.asm.SymbolTable::addConstantMemberReference (147 bytes)
Event: 0.489 Thread 0x000002b1fed20210 nmethod 1050 0x000002b18076b690 code [0x000002b18076b900, 0x000002b18076c208]
Event: 0.489 Thread 0x000002b1fed20210 1051       3       jdk.internal.org.objectweb.asm.SymbolTable::hash (20 bytes)
Event: 0.489 Thread 0x000002b1fed20210 nmethod 1051 0x000002b18076c790 code [0x000002b18076c940, 0x000002b18076cb28]
Event: 0.489 Thread 0x000002b1fed20210 1052       3       jdk.internal.org.objectweb.asm.Label::<init> (5 bytes)
Event: 0.489 Thread 0x000002b1fed20210 nmethod 1052 0x000002b18076cc90 code [0x000002b18076ce20, 0x000002b18076cf78]
Event: 0.489 Thread 0x000002b1fed20210 1053       3       jdk.internal.org.objectweb.asm.Handler::getExceptionTableSize (10 bytes)
Event: 0.489 Thread 0x000002b1fed20210 nmethod 1053 0x000002b18076d010 code [0x000002b18076d1c0, 0x000002b18076d3d8]

GC Heap History (0 events):
No events

Deoptimization events (20 events):
Event: 0.423 Thread 0x000002b1f3caf790 DEOPT PACKING pc=0x000002b1806eecfc sp=0x000000d497cfc250
Event: 0.423 Thread 0x000002b1f3caf790 DEOPT UNPACKING pc=0x000002b180052b43 sp=0x000000d497cfb6b8 mode 0
Event: 0.426 Thread 0x000002b1f3caf790 DEOPT PACKING pc=0x000002b1806eedd4 sp=0x000000d497cf83f0
Event: 0.426 Thread 0x000002b1f3caf790 DEOPT UNPACKING pc=0x000002b180052b43 sp=0x000000d497cf7858 mode 0
Event: 0.426 Thread 0x000002b1f3caf790 DEOPT PACKING pc=0x000002b1806eedd4 sp=0x000000d497cf83f0
Event: 0.426 Thread 0x000002b1f3caf790 DEOPT UNPACKING pc=0x000002b180052b43 sp=0x000000d497cf7858 mode 0
Event: 0.426 Thread 0x000002b1f3caf790 DEOPT PACKING pc=0x000002b1806eedd4 sp=0x000000d497cf83f0
Event: 0.426 Thread 0x000002b1f3caf790 DEOPT UNPACKING pc=0x000002b180052b43 sp=0x000000d497cf7858 mode 0
Event: 0.426 Thread 0x000002b1f3caf790 DEOPT PACKING pc=0x000002b1806eedd4 sp=0x000000d497cf83f0
Event: 0.426 Thread 0x000002b1f3caf790 DEOPT UNPACKING pc=0x000002b180052b43 sp=0x000000d497cf7858 mode 0
Event: 0.427 Thread 0x000002b1f3caf790 DEOPT PACKING pc=0x000002b1806eedd4 sp=0x000000d497cf83f0
Event: 0.427 Thread 0x000002b1f3caf790 DEOPT UNPACKING pc=0x000002b180052b43 sp=0x000000d497cf7858 mode 0
Event: 0.435 Thread 0x000002b1f3caf790 Uncommon trap: trap_request=0xffffff45 fr.pc=0x000002b187ae4cac relative=0x00000000000001ac
Event: 0.435 Thread 0x000002b1f3caf790 Uncommon trap: reason=unstable_if action=reinterpret pc=0x000002b187ae4cac method=java.lang.String.isLatin1()Z @ 10 c2
Event: 0.435 Thread 0x000002b1f3caf790 DEOPT PACKING pc=0x000002b187ae4cac sp=0x000000d497cfc410
Event: 0.435 Thread 0x000002b1f3caf790 DEOPT UNPACKING pc=0x000002b1800523a3 sp=0x000000d497cfc340 mode 2
Event: 0.435 Thread 0x000002b1f3caf790 Uncommon trap: trap_request=0xffffff45 fr.pc=0x000002b187ae2be0 relative=0x0000000000000060
Event: 0.435 Thread 0x000002b1f3caf790 Uncommon trap: reason=unstable_if action=reinterpret pc=0x000002b187ae2be0 method=java.lang.String.isLatin1()Z @ 10 c2
Event: 0.435 Thread 0x000002b1f3caf790 DEOPT PACKING pc=0x000002b187ae2be0 sp=0x000000d497cfc390
Event: 0.435 Thread 0x000002b1f3caf790 DEOPT UNPACKING pc=0x000002b1800523a3 sp=0x000000d497cfc330 mode 2

Classes loaded (20 events):
Event: 0.459 Loading class java/lang/invoke/MethodHandleImpl$Makers$2
Event: 0.459 Loading class java/lang/invoke/MethodHandleImpl$Makers$2 done
Event: 0.459 Loading class java/lang/invoke/MethodHandleImpl$Makers$3
Event: 0.459 Loading class java/lang/invoke/MethodHandleImpl$Makers$3 done
Event: 0.470 Loading class java/lang/runtime/ObjectMethods$1
Event: 0.470 Loading class java/lang/runtime/ObjectMethods$1 done
Event: 0.476 Loading class java/lang/invoke/DirectMethodHandle$1
Event: 0.476 Loading class java/lang/invoke/DirectMethodHandle$1 done
Event: 0.479 Loading class java/lang/NoSuchFieldError
Event: 0.479 Loading class java/lang/NoSuchFieldError done
Event: 0.483 Loading class java/util/Collections$ReverseComparator
Event: 0.483 Loading class java/util/Collections$ReverseComparator done
Event: 0.484 Loading class java/util/NoSuchElementException
Event: 0.484 Loading class java/util/NoSuchElementException done
Event: 8.490 Loading class java/util/stream/Streams$RangeIntSpliterator
Event: 8.490 Loading class java/util/stream/Streams$RangeIntSpliterator done
Event: 8.497 Loading class java/util/stream/IntPipeline$1
Event: 8.497 Loading class java/util/stream/IntPipeline$1 done
Event: 8.518 Loading class java/util/stream/IntPipeline$1$1
Event: 8.518 Loading class java/util/stream/IntPipeline$1$1 done

Classes unloaded (0 events):
No events

Classes redefined (1 events):
Event: 32.779 Thread 0x000002b1feb52f00 redefined class name=ejercicio3.Ejercicio3Vertex, count=1

Internal exceptions (20 events):
Event: 0.400 Thread 0x000002b1f3caf790 Exception <a 'java/lang/NoSuchMethodError'{0x00000006205a6fd8}: 'java.lang.Object java.lang.invoke.Invokers$Holder.invokeExact_MT(java.lang.Object, java.lang.Object, java.lang.Object, java.lang.Object, java.lang.Object)'> (0x00000006205a6fd8) 
thrown [s\open\src\hotspot\share\interpreter\linkResolver.cpp, line 759]
Event: 0.432 Thread 0x000002b1f3caf790 Exception <a 'java/lang/NoSuchMethodError'{0x00000006206e18b8}: 'void java.lang.invoke.DirectMethodHandle$Holder.invokeStatic(java.lang.Object, java.lang.Object)'> (0x00000006206e18b8) 
thrown [s\open\src\hotspot\share\interpreter\linkResolver.cpp, line 759]
Event: 0.455 Thread 0x000002b1f3caf790 Exception <a 'java/lang/NoSuchMethodError'{0x00000006207ef9a0}: 'java.lang.Object java.lang.invoke.DirectMethodHandle$Holder.invokeStaticInit(java.lang.Object, java.lang.Object, java.lang.Object, java.lang.Object)'> (0x00000006207ef9a0) 
thrown [s\open\src\hotspot\share\interpreter\linkResolver.cpp, line 759]
Event: 0.457 Thread 0x000002b1f3caf790 Exception <a 'java/lang/NoSuchMethodError'{0x000000062001e0d8}: 'java.lang.Object java.lang.invoke.DirectMethodHandle$Holder.invokeStaticInit(java.lang.Object, java.lang.Object, java.lang.Object, java.lang.Object, java.lang.Object, java.lang.Object, java.lang.Object)'> (0x000000062001e0d8) 
thrown [s\open\src\hotspot\share\interpreter\linkResolver.cpp, line 759]
Event: 0.460 Thread 0x000002b1f3caf790 Exception <a 'java/lang/NoSuchMethodError'{0x000000062002fac0}: 'java.lang.Object java.lang.invoke.DirectMethodHandle$Holder.invokeStatic(java.lang.Object, java.lang.Object, int)'> (0x000000062002fac0) 
thrown [s\open\src\hotspot\share\interpreter\linkResolver.cpp, line 759]
Event: 0.462 Thread 0x000002b1f3caf790 Exception <a 'java/lang/NoSuchMethodError'{0x00000006200463c8}: 'void java.lang.invoke.DelegatingMethodHandle$Holder.delegate(java.lang.Object, java.lang.Object, int, java.lang.Object)'> (0x00000006200463c8) 
thrown [s\open\src\hotspot\share\interpreter\linkResolver.cpp, line 759]
Event: 0.462 Thread 0x000002b1f3caf790 Exception <a 'java/lang/NoSuchMethodError'{0x000000062004a408}: 'int java.lang.invoke.DirectMethodHandle$Holder.invokeSpecial(java.lang.Object, java.lang.Object, java.lang.Object)'> (0x000000062004a408) 
thrown [s\open\src\hotspot\share\interpreter\linkResolver.cpp, line 759]
Event: 0.467 Thread 0x000002b1f3caf790 Exception <a 'java/lang/NoSuchMethodError'{0x000000062007fb88}: 'java.lang.Object java.lang.invoke.DirectMethodHandle$Holder.invokeSpecial(java.lang.Object, java.lang.Object, java.lang.Object, java.lang.Object, java.lang.Object, java.lang.Object, java.lang.Object, java.lang.Object, java.lang.Object, java.lang.Object, java.lang.Object, java.lang.Object)'> (0x000000062007fb88) 
thrown [s\open\src\hotspot\share\interpreter\linkResolver.cpp, line 759]
Event: 0.468 Thread 0x000002b1f3caf790 Exception <a 'java/lang/NoSuchMethodError'{0x0000000620084540}: 'java.lang.Object java.lang.invoke.Invokers$Holder.invoker(java.lang.Object, java.lang.Object, java.lang.Object, java.lang.Object, java.lang.Object, java.lang.Object, java.lang.Object, java.lang.Object, java.lang.Object, java.lang.Object, java.lang.Object, java.lang.Object)'> (0x0000000620084540) 
thrown [s\open\src\hotspot\share\interpreter\linkResolver.cpp, line 759]
Event: 0.468 Thread 0x000002b1f3caf790 Exception <a 'java/lang/NoSuchMethodError'{0x000000062008ad70}: 'java.lang.Object java.lang.invoke.DirectMethodHandle$Holder.invokeSpecial(java.lang.Object, java.lang.Object, java.lang.Object, java.lang.Object, java.lang.Object, java.lang.Object, java.lang.Object, java.lang.Object, java.lang.Object, java.lang.Object, java.lang.Object, java.lang.Object, java.lang.Object)'> (0x000000062008ad70) 
thrown [s\open\src\hotspot\share\interpreter\linkResolver.cpp, line 759]
Event: 0.470 Thread 0x000002b1f3caf790 Exception <a 'java/lang/NoSuchMethodError'{0x000000062009f9b8}: 'int java.lang.invoke.DirectMethodHandle$Holder.invokeVirtual(java.lang.Object, java.lang.Object, java.lang.Object)'> (0x000000062009f9b8) 
thrown [s\open\src\hotspot\share\interpreter\linkResolver.cpp, line 759]
Event: 0.471 Thread 0x000002b1f3caf790 Exception <a 'java/lang/NoSuchMethodError'{0x00000006200a32a0}: 'int java.lang.invoke.DirectMethodHandle$Holder.invokeVirtual(java.lang.Object, java.lang.Object)'> (0x00000006200a32a0) 
thrown [s\open\src\hotspot\share\interpreter\linkResolver.cpp, line 759]
Event: 0.471 Thread 0x000002b1f3caf790 Exception <a 'java/lang/NoSuchMethodError'{0x00000006200a7768}: 'int java.lang.invoke.DirectMethodHandle$Holder.invokeStaticInit(java.lang.Object, java.lang.Object, java.lang.Object)'> (0x00000006200a7768) 
thrown [s\open\src\hotspot\share\interpreter\linkResolver.cpp, line 759]
Event: 0.471 Thread 0x000002b1f3caf790 Exception <a 'java/lang/NoSuchMethodError'{0x00000006200ab018}: 'int java.lang.invoke.DirectMethodHandle$Holder.invokeStaticInit(java.lang.Object, int, int)'> (0x00000006200ab018) 
thrown [s\open\src\hotspot\share\interpreter\linkResolver.cpp, line 759]
Event: 0.473 Thread 0x000002b1f3caf790 Exception <a 'java/lang/NoSuchMethodError'{0x00000006200b2918}: 'int java.lang.invoke.DirectMethodHandle$Holder.invokeStaticInit(java.lang.Object, long, long)'> (0x00000006200b2918) 
thrown [s\open\src\hotspot\share\interpreter\linkResolver.cpp, line 759]
Event: 0.473 Thread 0x000002b1f3caf790 Exception <a 'java/lang/NoSuchMethodError'{0x00000006200b9770}: 'int java.lang.invoke.DirectMethodHandle$Holder.invokeStaticInit(java.lang.Object, float, float)'> (0x00000006200b9770) 
thrown [s\open\src\hotspot\share\interpreter\linkResolver.cpp, line 759]
Event: 0.474 Thread 0x000002b1f3caf790 Exception <a 'java/lang/NoSuchMethodError'{0x00000006200c05c0}: 'int java.lang.invoke.DirectMethodHandle$Holder.invokeStaticInit(java.lang.Object, double, double)'> (0x00000006200c05c0) 
thrown [s\open\src\hotspot\share\interpreter\linkResolver.cpp, line 759]
Event: 0.474 Thread 0x000002b1f3caf790 Exception <a 'java/lang/NoSuchMethodError'{0x00000006200c4bf8}: 'int java.lang.invoke.DirectMethodHandle$Holder.invokeStatic(java.lang.Object, long)'> (0x00000006200c4bf8) 
thrown [s\open\src\hotspot\share\interpreter\linkResolver.cpp, line 759]
Event: 0.478 Thread 0x000002b1f3caf790 Exception <a 'java/lang/NoSuchMethodError'{0x00000006200ed328}: 'int java.lang.invoke.Invokers$Holder.linkToTargetMethod(java.lang.Object, java.lang.Object)'> (0x00000006200ed328) 
thrown [s\open\src\hotspot\share\interpreter\linkResolver.cpp, line 759]
Event: 0.488 Thread 0x000002b1f3caf790 Exception <a 'java/lang/NoSuchMethodError'{0x00000006201e4230}: 'int java.lang.invoke.DirectMethodHandle$Holder.invokeSpecialIFC(java.lang.Object, java.lang.Object, java.lang.Object, java.lang.Object)'> (0x00000006201e4230) 
thrown [s\open\src\hotspot\share\interpreter\linkResolver.cpp, line 759]

VM Operations (20 events):
Event: 10.033 Executing VM operation: get/set locals
Event: 10.033 Executing VM operation: get/set locals done
Event: 10.033 Executing VM operation: get/set locals
Event: 10.034 Executing VM operation: get/set locals done
Event: 32.774 Executing VM operation: ChangeSingleStep
Event: 32.774 Executing VM operation: ChangeSingleStep done
Event: 32.775 Executing VM operation: ChangeSingleStep
Event: 32.775 Executing VM operation: ChangeSingleStep done
Event: 32.778 Executing VM operation: RedefineClasses
Event: 32.782 Executing VM operation: RedefineClasses done
Event: 32.785 Executing VM operation: ChangeBreakpoints
Event: 32.785 Executing VM operation: ChangeBreakpoints done
Event: 32.788 Executing VM operation: ChangeBreakpoints
Event: 32.789 Executing VM operation: ChangeBreakpoints done
Event: 32.790 Executing VM operation: ChangeSingleStep
Event: 32.790 Executing VM operation: ChangeSingleStep done
Event: 32.790 Executing VM operation: get/set locals
Event: 32.790 Executing VM operation: get/set locals done
Event: 32.791 Executing VM operation: ChangeSingleStep
Event: 32.791 Executing VM operation: ChangeSingleStep done

Events (20 events):
Event: 0.027 Thread 0x000002b1fed12ac0 Thread added: 0x000002b1fed12ac0
Event: 0.027 Thread 0x000002b1fed157a0 Thread added: 0x000002b1fed157a0
Event: 0.027 Thread 0x000002b1fed20210 Thread added: 0x000002b1fed20210
Event: 0.027 Thread 0x000002b1fed21300 Thread added: 0x000002b1fed21300
Event: 0.041 Thread 0x000002b1a51dce40 Thread added: 0x000002b1a51dce40
Event: 0.045 Loaded shared library C:\Program Files\Java\jdk-18.0.2.1\bin\net.dll
Event: 0.046 Loaded shared library C:\Program Files\Java\jdk-18.0.2.1\bin\nio.dll
Event: 0.077 Thread 0x000002b1a5353fc0 Thread added: 0x000002b1a5353fc0
Event: 0.099 Loaded shared library C:\Program Files\Java\jdk-18.0.2.1\bin\zip.dll
Event: 0.120 Thread 0x000002b1a5266be0 Thread added: 0x000002b1a5266be0
Event: 0.166 Thread 0x000002b1a5c6e9f0 Thread added: 0x000002b1a5c6e9f0
Event: 0.167 Thread 0x000002b1a56cd3e0 Thread added: 0x000002b1a56cd3e0
Event: 0.167 Thread 0x000002b1a56cd8c0 Thread added: 0x000002b1a56cd8c0
Event: 0.248 Loaded shared library C:\Program Files\Java\jdk-18.0.2.1\bin\zip.dll
Event: 0.253 Loaded shared library C:\Program Files\Java\jdk-18.0.2.1\bin\instrument.dll
Event: 0.343 Loaded shared library C:\Program Files\Java\jdk-18.0.2.1\bin\jimage.dll
Event: 0.405 Thread 0x000002b1a553c0b0 Thread added: 0x000002b1a553c0b0
Event: 0.410 Loaded shared library C:\Program Files\Java\jdk-18.0.2.1\bin\verify.dll
Event: 5.489 Thread 0x000002b1a5266be0 Thread exited: 0x000002b1a5266be0
Event: 5.489 Thread 0x000002b1a5353fc0 Thread exited: 0x000002b1a5353fc0


Dynamic libraries:
0x00007ff6f3fb0000 - 0x00007ff6f3fc0000 	C:\Program Files\Java\jdk-18.0.2.1\bin\javaw.exe
0x00007ffd16050000 - 0x00007ffd16264000 	C:\Windows\SYSTEM32\ntdll.dll
0x00007ffd14c70000 - 0x00007ffd14d32000 	C:\Windows\System32\KERNEL32.DLL
0x00007ffd134e0000 - 0x00007ffd13883000 	C:\Windows\System32\KERNELBASE.dll
0x00007ffd13bc0000 - 0x00007ffd13cd1000 	C:\Windows\System32\ucrtbase.dll
0x00007ffd07d00000 - 0x00007ffd07d18000 	C:\Program Files\Java\jdk-18.0.2.1\bin\jli.dll
0x00007ffd07ce0000 - 0x00007ffd07cfa000 	C:\Program Files\Java\jdk-18.0.2.1\bin\VCRUNTIME140.dll
0x00007ffd14740000 - 0x00007ffd147ee000 	C:\Windows\System32\ADVAPI32.dll
0x00007ffd15160000 - 0x00007ffd15207000 	C:\Windows\System32\msvcrt.dll
0x00007ffd150b0000 - 0x00007ffd15154000 	C:\Windows\System32\sechost.dll
0x00007ffd14600000 - 0x00007ffd14717000 	C:\Windows\System32\RPCRT4.dll
0x00007ffd14f00000 - 0x00007ffd150ab000 	C:\Windows\System32\USER32.dll
0x00007ffd13da0000 - 0x00007ffd13dc6000 	C:\Windows\System32\win32u.dll
0x00007ffd042d0000 - 0x00007ffd0455e000 	C:\Windows\WinSxS\amd64_microsoft.windows.common-controls_6595b64144ccf1df_6.0.22621.1635_none_270f70857386168e\COMCTL32.dll
0x00007ffd14170000 - 0x00007ffd14199000 	C:\Windows\System32\GDI32.dll
0x00007ffd13aa0000 - 0x00007ffd13bb8000 	C:\Windows\System32\gdi32full.dll
0x00007ffd13890000 - 0x00007ffd1392a000 	C:\Windows\System32\msvcp_win.dll
0x00007ffd0e7e0000 - 0x00007ffd0e7ea000 	C:\Windows\SYSTEM32\VERSION.dll
0x00007ffd14010000 - 0x00007ffd14041000 	C:\Windows\System32\IMM32.DLL
0x00007ffd0e4b0000 - 0x00007ffd0e4bc000 	C:\Program Files\Java\jdk-18.0.2.1\bin\vcruntime140_1.dll
0x00007ffcf33a0000 - 0x00007ffcf342d000 	C:\Program Files\Java\jdk-18.0.2.1\bin\msvcp140.dll
0x00007ffc6c9e0000 - 0x00007ffc6d5f1000 	C:\Program Files\Java\jdk-18.0.2.1\bin\server\jvm.dll
0x00007ffd14000000 - 0x00007ffd14008000 	C:\Windows\System32\PSAPI.DLL
0x00007ffcdda40000 - 0x00007ffcdda49000 	C:\Windows\SYSTEM32\WSOCK32.dll
0x00007ffd03fa0000 - 0x00007ffd03fd4000 	C:\Windows\SYSTEM32\WINMM.dll
0x00007ffd13ea0000 - 0x00007ffd13f11000 	C:\Windows\System32\WS2_32.dll
0x00007ffd125b0000 - 0x00007ffd125c8000 	C:\Windows\SYSTEM32\kernel.appcore.dll
0x00007ffd0e470000 - 0x00007ffd0e47a000 	C:\Program Files\Java\jdk-18.0.2.1\bin\jimage.dll
0x00007ffd0da90000 - 0x00007ffd0dcbe000 	C:\Windows\SYSTEM32\DBGHELP.DLL
0x00007ffd15c80000 - 0x00007ffd16009000 	C:\Windows\System32\combase.dll
0x00007ffd13f20000 - 0x00007ffd13ff7000 	C:\Windows\System32\OLEAUT32.dll
0x00007ffd0d7e0000 - 0x00007ffd0d812000 	C:\Windows\SYSTEM32\dbgcore.DLL
0x00007ffd13dd0000 - 0x00007ffd13e4b000 	C:\Windows\System32\bcryptPrimitives.dll
0x00007ffd07ca0000 - 0x00007ffd07cdb000 	C:\Program Files\Java\jdk-18.0.2.1\bin\jdwp.dll
0x00007ffd0e360000 - 0x00007ffd0e36e000 	C:\Program Files\Java\jdk-18.0.2.1\bin\instrument.dll
0x00007ffd068e0000 - 0x00007ffd06905000 	C:\Program Files\Java\jdk-18.0.2.1\bin\java.dll
0x00007ffcf28f0000 - 0x00007ffcf29c6000 	C:\Program Files\Java\jdk-18.0.2.1\bin\jsvml.dll
0x00007ffd153d0000 - 0x00007ffd15bca000 	C:\Windows\System32\SHELL32.dll
0x00007ffd11480000 - 0x00007ffd11d4e000 	C:\Windows\SYSTEM32\windows.storage.dll
0x00007ffd11340000 - 0x00007ffd1147e000 	C:\Windows\SYSTEM32\wintypes.dll
0x00007ffd14460000 - 0x00007ffd14551000 	C:\Windows\System32\SHCORE.dll
0x00007ffd14110000 - 0x00007ffd1416e000 	C:\Windows\System32\shlwapi.dll
0x00007ffd133a0000 - 0x00007ffd133c1000 	C:\Windows\SYSTEM32\profapi.dll
0x00007ffd01950000 - 0x00007ffd01963000 	C:\Program Files\Java\jdk-18.0.2.1\bin\net.dll
0x00007ffd0e830000 - 0x00007ffd0e967000 	C:\Windows\SYSTEM32\WINHTTP.dll
0x00007ffd12a20000 - 0x00007ffd12a89000 	C:\Windows\system32\mswsock.dll
0x00007ffd01930000 - 0x00007ffd01946000 	C:\Program Files\Java\jdk-18.0.2.1\bin\nio.dll
0x00007ffd01870000 - 0x00007ffd01888000 	C:\Program Files\Java\jdk-18.0.2.1\bin\zip.dll
0x00007ffd0d640000 - 0x00007ffd0d64c000 	C:\Program Files\Java\jdk-18.0.2.1\bin\dt_socket.dll
0x00007ffd12020000 - 0x00007ffd1204d000 	C:\Windows\SYSTEM32\IPHLPAPI.DLL
0x00007ffd12090000 - 0x00007ffd12183000 	C:\Windows\SYSTEM32\DNSAPI.dll
0x00007ffd14730000 - 0x00007ffd14739000 	C:\Windows\System32\NSI.dll
0x00007ffd0d1f0000 - 0x00007ffd0d1fa000 	C:\Windows\System32\rasadhlp.dll
0x00007ffd0d8b0000 - 0x00007ffd0d934000 	C:\Windows\System32\fwpuclnt.dll
0x00007ffd0cea0000 - 0x00007ffd0ceb0000 	C:\Program Files\Java\jdk-18.0.2.1\bin\verify.dll

dbghelp: loaded successfully - version: 4.0.5 - missing functions: none
symbol engine: initialized successfully - sym options: 0x614 - pdb path: .;C:\Program Files\Java\jdk-18.0.2.1\bin;C:\Windows\SYSTEM32;C:\Windows\WinSxS\amd64_microsoft.windows.common-controls_6595b64144ccf1df_6.0.22621.1635_none_270f70857386168e;C:\Program Files\Java\jdk-18.0.2.1\bin\server

VM Arguments:
jvm_args: -XX:+ShowCodeDetailsInExceptionMessages -agentlib:jdwp=transport=dt_socket,suspend=y,address=localhost:50701 --enable-preview -javaagent:C:\Users\marco\Desktop\eclipse\configuration\org.eclipse.osgi\215\0\.cp\lib\javaagent-shaded.jar -Dfile.encoding=UTF-8 --module-path=C:\Users\marco\Desktop\workspace adda23\PI5_marrodgar60\bin;C:\Users\marco\git\ada_v2_18\java\Grafos\bin;C:\Users\marco\git\ada_v2_18\java\Solve\bin;C:\Users\marco\git\ada_v2_18\java\ParteComun\target\classes;C:\Users\marco\git\ada_v2_18\java\ParteComun\lib\antlr4-runtime-4.9.2.jar;C:\Users\marco\git\ada_v2_18\java\ParteComun\lib\jgrapht-core-1.5.0.jar;C:\Users\marco\git\ada_v2_18\java\ParteComun\lib\jgrapht-io-1.5.0.jar;C:\Users\marco\git\ada_v2_18\java\ParteComun\lib\jheaps-0.13.jar;C:\Users\marco\git\ada_v2_18\java\ParteComun\lib\commons-text-1.8.jar;C:\Users\marco\git\ada_v2_18\java\ParteComun\lib\commons-math3-3.6.1.jar;C:\Users\marco\git\ada_v2_18\java\ParteComun\lib\juniversalchardet-1.0.3.jar;C:\Users\marco\git\ada_v2_18\java\ParteComun\lib\matplotlib4j-0.5.1.jar;C:\Users\marco\git\ada_v2_18\java\ParteComun\lib\slf4j-api-1.7.7.jar;C:\Users\marco\git\ada_v2_18\java\ParteComun\lib\slf4j-log4j12-1.7.7.jar;C:\Users\marco\git\ada_v2_18\java\ParteComun\lib\log4j-1.2.17.jar;C:\Users\marco\git\ada_v2_18\java\ParteComun\lib\guava-15.0.jar;C:\Users\marco\git\ada_v2_18\java\DatosCompartidos\bin;C:\Users\marco\git\ada_v2_18\java\Solve\lib\gurobi.jar;C:\Users\marco\git\ada_v2_18\java\Solve\lib\antlr4-runtime-4.9.2.jar;C:\Users\marco\git\ada_v2_18\java\Grafos\lib\commons-lang3-3.9.jar;C:\Users\marco\git\ada_v2_18\java\Grafos\lib\commons-text-1.8.jar;C:\Users\marco\git\ada_v2_18\java\Grafos\lib\jgrapht-core-1.5.0.jar;C:\Users\marco\git\ada_v2_18\java\Grafos\lib\jgrapht-io-1.5.0.jar;C:\Users\marco\git\ada_v2_18\java\Grafos\lib\jheaps-0.13.jar --enable-preview -Djdk.module.main=miUVUS_PI5 
java_command: miUVUS_PI5/ejercicio3.TestEjercicio3B
java_class_path (initial): <not set>
Launcher Type: SUN_STANDARD

[Global flags]
     intx CICompilerCount                          = 4                                         {product} {ergonomic}
     uint ConcGCThreads                            = 3                                         {product} {ergonomic}
     uint G1ConcRefinementThreads                  = 10                                        {product} {ergonomic}
   size_t G1HeapRegionSize                         = 4194304                                   {product} {ergonomic}
    uintx GCDrainStackTargetSize                   = 64                                        {product} {ergonomic}
   size_t InitialHeapSize                          = 536870912                                 {product} {ergonomic}
   size_t MarkStackSize                            = 4194304                                   {product} {ergonomic}
   size_t MaxHeapSize                              = 8568963072                                {product} {ergonomic}
   size_t MaxNewSize                               = 5138022400                                {product} {ergonomic}
   size_t MinHeapDeltaBytes                        = 4194304                                   {product} {ergonomic}
   size_t MinHeapSize                              = 8388608                                   {product} {ergonomic}
    uintx NonNMethodCodeHeapSize                   = 5839372                                {pd product} {ergonomic}
    uintx NonProfiledCodeHeapSize                  = 122909434                              {pd product} {ergonomic}
    uintx ProfiledCodeHeapSize                     = 122909434                              {pd product} {ergonomic}
    uintx ReservedCodeCacheSize                    = 251658240                              {pd product} {ergonomic}
     bool SegmentedCodeCache                       = true                                      {product} {ergonomic}
     bool ShowCodeDetailsInExceptionMessages       = true                                   {manageable} {command line}
   size_t SoftMaxHeapSize                          = 8568963072                             {manageable} {ergonomic}
     bool UseCompressedClassPointers               = true                           {product lp64_product} {ergonomic}
     bool UseCompressedOops                        = true                           {product lp64_product} {ergonomic}
     bool UseG1GC                                  = true                                      {product} {ergonomic}
     bool UseLargePagesIndividualAllocation        = false                                  {pd product} {ergonomic}

Logging:
Log output configuration:
 #0: stdout all=warning uptime,level,tags foldmultilines=false
 #1: stderr all=off uptime,level,tags foldmultilines=false

Environment Variables:
PATH=C:/Users/marco/Desktop/eclipse//plugins/org.eclipse.justj.openjdk.hotspot.jre.full.win32.x86_64_17.0.3.v20220515-1416/jre/bin/server;C:/Users/marco/Desktop/eclipse//plugins/org.eclipse.justj.openjdk.hotspot.jre.full.win32.x86_64_17.0.3.v20220515-1416/jre/bin;C:\Program Files\Python310\Scripts\;C:\Program Files\Python310\;C:\Program Files\Microsoft\jdk-11.0.16.101-hotspot\bin;C:\Program Files\Common Files\Oracle\Java\javapath;C:\Windows\system32;C:\Windows;C:\Windows\System32\Wbem;C:\Windows\System32\WindowsPowerShell\v1.0\;C:\Windows\System32\OpenSSH\;C:\Program Files (x86)\NVIDIA Corporation\PhysX\Common;C:\Program Files\NVIDIA Corporation\NVIDIA NvDLISR;C:\Program Files\dotnet\;C:\Program Files\PuTTY\;C:\Program Files\Git\cmd;C:\Users\marco\AppData\Local\Programs\Python\Python39\Scripts\;C:\Users\marco\AppData\Local\Programs\Python\Python39\;C:\Users\marco\AppData\Local\Microsoft\WindowsApps;C:\Users\marco\.dotnet\tools;C:\Users\marco\Desktop\eclipse;
USERNAME=marco
OS=Windows_NT
PROCESSOR_IDENTIFIER=AMD64 Family 23 Model 113 Stepping 0, AuthenticAMD



---------------  S Y S T E M  ---------------

OS:
 Windows 11 , 64 bit Build 22621 (10.0.22621.1635)
OS uptime: 0 days 0:50 hours

CPU: total 12 (initial active 12) (12 cores per cpu, 2 threads per core) family 23 model 113 stepping 0 microcode 0x0, cx8, cmov, fxsr, ht, mmx, 3dnowpref, sse, sse2, sse3, ssse3, sse4a, sse4.1, sse4.2, popcnt, lzcnt, tsc, tscinvbit, avx, avx2, aes, clmul, bmi1, bmi2, adx, sha, fma, vzeroupper, clflush, clflushopt

Memory: 4k page, system-wide physical 32679M (24650M free)
TotalPageFile size 34727M (AvailPageFile size 21174M)
current process WorkingSet (physical memory assigned to process): 60M, peak: 67M
current process commit charge ("private bytes"): 621M, peak: 626M

vm_info: Java HotSpot(TM) 64-Bit Server VM (18.0.2.1+1-1) for windows-amd64 JRE (18.0.2.1+1-1), built on Aug 16 2022 01:46:33 by "mach5one" with MS VC++ 16.8 / 16.9 (VS2019)

END.
