#
# A fatal error has been detected by the Java Runtime Environment:
#
#  EXCEPTION_ACCESS_VIOLATION (0xc0000005) at pc=0x00007ffd09ad0eca, pid=5948, tid=3412
#
# JRE version: Java(TM) SE Runtime Environment (18.0.2.1+1) (build 18.0.2.1+1-1)
# Java VM: Java HotSpot(TM) 64-Bit Server VM (18.0.2.1+1-1, mixed mode, sharing, tiered, compressed oops, compressed class ptrs, g1 gc, windows-amd64)
# Problematic frame:
# V  [jvm.dll+0x760eca]
#
# No core dump will be written. Minidumps are not enabled by default on client versions of Windows
#
# If you would like to submit a bug report, please visit:
#   https://bugreport.java.com/bugreport/crash.jsp
#

---------------  S U M M A R Y ------------

Command Line: -XX:+ShowCodeDetailsInExceptionMessages -agentlib:jdwp=transport=dt_socket,suspend=y,address=localhost:56635 --enable-preview -javaagent:C:\Users\marco\Desktop\eclipse\configuration\org.eclipse.osgi\215\0\.cp\lib\javaagent-shaded.jar -Dfile.encoding=UTF-8 --module-path=C:\Users\marco\Desktop\workspace adda23\PI5_marrodgar60\bin;C:\Users\marco\git\ada_v2_18\java\Grafos\bin;C:\Users\marco\git\ada_v2_18\java\Solve\bin;C:\Users\marco\git\ada_v2_18\java\ParteComun\target\classes;C:\Users\marco\git\ada_v2_18\java\ParteComun\lib\antlr4-runtime-4.9.2.jar;C:\Users\marco\git\ada_v2_18\java\ParteComun\lib\jgrapht-core-1.5.0.jar;C:\Users\marco\git\ada_v2_18\java\ParteComun\lib\jgrapht-io-1.5.0.jar;C:\Users\marco\git\ada_v2_18\java\ParteComun\lib\jheaps-0.13.jar;C:\Users\marco\git\ada_v2_18\java\ParteComun\lib\commons-text-1.8.jar;C:\Users\marco\git\ada_v2_18\java\ParteComun\lib\commons-math3-3.6.1.jar;C:\Users\marco\git\ada_v2_18\java\ParteComun\lib\juniversalchardet-1.0.3.jar;C:\Users\marco\git\ada_v2_18\java\ParteComun\lib\matplotlib4j-0.5.1.jar;C:\Users\marco\git\ada_v2_18\java\ParteComun\lib\slf4j-api-1.7.7.jar;C:\Users\marco\git\ada_v2_18\java\ParteComun\lib\slf4j-log4j12-1.7.7.jar;C:\Users\marco\git\ada_v2_18\java\ParteComun\lib\log4j-1.2.17.jar;C:\Users\marco\git\ada_v2_18\java\ParteComun\lib\guava-15.0.jar;C:\Users\marco\git\ada_v2_18\java\DatosCompartidos\bin;C:\Users\marco\git\ada_v2_18\java\Solve\lib\gurobi.jar;C:\Users\marco\git\ada_v2_18\java\Solve\lib\antlr4-runtime-4.9.2.jar;C:\Users\marco\git\ada_v2_18\java\Grafos\lib\commons-lang3-3.9.jar;C:\Users\marco\git\ada_v2_18\java\Grafos\lib\commons-text-1.8.jar;C:\Users\marco\git\ada_v2_18\java\Grafos\lib\jgrapht-core-1.5.0.jar;C:\Users\marco\git\ada_v2_18\java\Grafos\lib\jgrapht-io-1.5.0.jar;C:\Users\marco\git\ada_v2_18\java\Grafos\lib\jheaps-0.13.jar --enable-preview -Djdk.module.main=miUVUS_PI5 miUVUS_PI5/ejercicio3.TestEjercicio3B

Host: AMD Ryzen 5 3600 6-Core Processor              , 12 cores, 31G,  Windows 11 , 64 bit Build 22621 (10.0.22621.1485)
Time: Fri May 12 20:48:11 2023 Hora de verano romance elapsed time: 109.617087 seconds (0d 0h 1m 49s)

---------------  T H R E A D  ---------------

Current thread (0x00000207412d8990):  JavaThread "JDWP Transport Listener: dt_socket" daemon [_thread_in_vm, id=3412, stack(0x000000cdc7600000,0x000000cdc7700000)]

Stack: [0x000000cdc7600000,0x000000cdc7700000],  sp=0x000000cdc76ff500,  free space=1021k
Native frames: (J=compiled Java code, j=interpreted, Vv=VM code, C=native code)
V  [jvm.dll+0x760eca]
V  [jvm.dll+0x52c54c]
V  [jvm.dll+0x4f3d5b]
C  [jdwp.dll+0x230a7]


siginfo: EXCEPTION_ACCESS_VIOLATION (0xc0000005), reading address 0x0000000000e3000a


Register to memory mapping:

RIP=0x00007ffd09ad0eca jvm.dll
RAX=0x00000000000000e9 is an unknown value
RBX=0x0000020740d73b5e points into unknown readable memory: 75 74
RCX=0x0000000000e30006 is an unknown value
RDX=0x0000020740f5dfe0 points into unknown readable memory: 0x63696372656a654c | 4c 65 6a 65 72 63 69 63
RSP=0x000000cdc76ff500 is pointing into the stack for thread: 0x00000207412d8990
RBP=0x00000207413a85b0 points into unknown readable memory: 0x0000001700000002 | 02 00 00 00 17 00 00 00
RSI=0x0 is NULL
RDI=0xffffffffffffffff is an unknown value
R8 =0x0000000000000018 is an unknown value
R9 =0x0000000000000040 is an unknown value
R10=0x0 is NULL
R11=0x000000cdc76ff520 is pointing into the stack for thread: 0x00000207412d8990
R12=0x000000cdc76ff658 is pointing into the stack for thread: 0x00000207412d8990
R13=0x0 is NULL
R14=0x0000000800c0af88 is a pointer to class: 
ejercicio3.Ejercicio3Vertex {0x0000000800c0af90}
 - instance size:     4
 - klass size:        80
 - access:            public final synchronized 
 - state:             fully_initialized
 - name:              'ejercicio3/Ejercicio3Vertex'
 - super:             'java/lang/Record'
 - sub:               
 - arrays:            NULL
 - methods:           Array<T>(0x000002073d0b6a48)
 - method ordering:   Array<T>(0x000002073d0b7a68)
 - default_methods:   Array<T>(0x000002073d062510)
 - default vtable indices:   Array<T>(0x000002073d062548)
 - local interfaces:  Array<T>(0x000002073d061170)
 - trans. interfaces: Array<T>(0x000002073d061170)
 - constants:         constant pool [290]/operands[46] {0x000002073d0b9358} for 'ejercicio3/Ejercicio3Vertex' cache=0x000002073d0b9d40
 - class loader data:  loader data: 0x0000020740e63af0 for instance a 'jdk/internal/loader/ClassLoaders$AppClassLoader'{0x000000062106c908}
 - source file:       'Ejercicio3Vertex.java'
 - source debug extension:       SMAP
Ejercicio3Vertex.java
Java
*S jdt
*F
1 Ejercicio3Vertex.java
2 file:/C:/Users/marco/Desktop/workspace%20adda23/PI5_marrodgar60/bin/
*L
*E

 - class annotations:       Array<T>(0x0000000000000000)
 - class type annotations:  Array<T>(0x0000000000000000)
 - field annotations:       Array<T>(0x0000000000000000)
 - field type annotations:  Array<T>(0x0000000000000000)
 - previous version:  constant pool [282]/operands[46] {0x000002073d0607d8} for 'ejercicio3/Ejercicio3Vertex' (extra) cache=0x000002073d063a40
 - generic signature: '
[error occurred during error reporting (printing register info), id 0xc0000005, EXCEPTION_ACCESS_VIOLATION (0xc0000005) at pc=0x00007ffd09ad1ad6]

Registers:
RAX=0x00000000000000e9, RBX=0x0000020740d73b5e, RCX=0x0000000000e30006, RDX=0x0000020740f5dfe0
RSP=0x000000cdc76ff500, RBP=0x00000207413a85b0, RSI=0x0000000000000000, RDI=0xffffffffffffffff
R8 =0x0000000000000018, R9 =0x0000000000000040, R10=0x0000000000000000, R11=0x000000cdc76ff520
R12=0x000000cdc76ff658, R13=0x0000000000000000, R14=0x0000000800c0af88, R15=0x000000cdc76ff6a8
RIP=0x00007ffd09ad0eca, EFLAGS=0x0000000000010206

Top of Stack: (sp=0x000000cdc76ff500)
0x000000cdc76ff500:   000000000000001b 0000000800c0af88
0x000000cdc76ff510:   00000207412d8990 0000000000000000
0x000000cdc76ff520:   ffffffffffffffff 00007ffd0989c54c
0x000000cdc76ff530:   0000020740d73b5e 00000207413a85b0
0x000000cdc76ff540:   0000000000000000 00000207412d8c20
0x000000cdc76ff550:   0000020740d73b10 00000000000003d8
0x000000cdc76ff560:   0000020740d73b20 0000020740d73ef8
0x000000cdc76ff570:   0000000000000002 000000cdc76ff658
0x000000cdc76ff580:   0000000000000000 0000000000000000
0x000000cdc76ff590:   000000062078b660 00007ffd09863d5b
0x000000cdc76ff5a0:   00000207412d8990 000000cdc76ff6a8
0x000000cdc76ff5b0:   000002070e0ada80 000000cdc76ff6a8
0x000000cdc76ff5c0:   00000207412d8990 0000000000000000
0x000000cdc76ff5d0:   0000020700000000 0000000000000000
0x000000cdc76ff5e0:   000000000000000d 00007ffda66730a7
0x000000cdc76ff5f0:   000000cdc76ff6a0 00007ffda6681718 

Instructions: (pc=0x00007ffd09ad0eca)
0x00007ffd09ad0dca:   48 8b f8 48 85 db 74 08 48 8b cb e8 16 ad f0 ff
0x00007ffd09ad0dda:   48 8b 5c 24 30 48 8b c7 48 83 c4 20 5f c3 8d 42
0x00007ffd09ad0dea:   06 83 ff 02 b9 08 00 00 00 0f 4e c1 45 33 c0 48
0x00007ffd09ad0dfa:   63 c8 48 83 c1 07 83 e1 f8 48 63 c9 41 8d 50 0b
0x00007ffd09ad0e0a:   48 83 c4 20 5f e9 1c 23 95 ff cc cc cc cc cc cc
0x00007ffd09ad0e1a:   cc cc cc cc cc cc 83 fa 02 8d 42 06 b9 08 00 00
0x00007ffd09ad0e2a:   00 4d 8b c8 0f 4e c1 48 63 c8 49 8b 40 18 48 83
0x00007ffd09ad0e3a:   c1 07 83 e1 f8 48 63 d1 49 8b 48 20 48 2b c8 48
0x00007ffd09ad0e4a:   3b ca 72 09 48 8d 0c 10 49 89 48 18 c3 45 33 c0
0x00007ffd09ad0e5a:   49 8b c9 e9 fe 80 95 ff cc cc cc cc cc cc cc cc
0x00007ffd09ad0e6a:   cc cc cc cc cc cc 4c 8b d2 4c 8b d9 45 85 c0 7e
0x00007ffd09ad0e7a:   3c 44 0f b7 49 04 41 8d 40 ff 41 3b c1 44 0f 4c
0x00007ffd09ad0e8a:   c8 4d 63 c1 45 85 c9 7e 1f 48 8b c2 4c 2b da 49
0x00007ffd09ad0e9a:   8b d0 0f 1f 40 00 41 0f b6 4c 03 06 88 08 48 8d
0x00007ffd09ad0eaa:   40 01 48 83 ea 01 75 ee 43 c6 04 10 00 49 8b c2
0x00007ffd09ad0eba:   c3 cc cc cc cc cc 48 89 5c 24 08 57 48 83 ec 20
0x00007ffd09ad0eca:   0f b7 59 04 48 8b f9 33 d2 48 8d 4b 01 e8 14 d4
0x00007ffd09ad0eda:   f8 ff 0f b7 57 04 4c 8b c0 3b da 0f 42 d3 44 8b
0x00007ffd09ad0eea:   ca 85 d2 74 39 48 2b f8 0f 1f 40 00 66 66 0f 1f
0x00007ffd09ad0efa:   84 00 00 00 00 00 0f b6 4c 07 06 88 08 48 ff c0
0x00007ffd09ad0f0a:   48 8b c8 49 2b c8 49 3b c9 7c eb 42 c6 04 02 00
0x00007ffd09ad0f1a:   49 8b c0 48 8b 5c 24 30 48 83 c4 20 5f c3 48 8b
0x00007ffd09ad0f2a:   5c 24 30 c6 04 02 00 48 83 c4 20 5f c3 cc cc cc
0x00007ffd09ad0f3a:   cc cc cc cc cc cc 4c 8b d1 45 85 c0 7e 6c 44 0f
0x00007ffd09ad0f4a:   b7 49 04 41 8d 40 ff 41 3b c1 44 0f 4c c8 4d 63
0x00007ffd09ad0f5a:   d9 45 85 c9 7e 22 48 8b ca 4c 2b d2 4d 8b c3 0f
0x00007ffd09ad0f6a:   1f 80 00 00 00 00 41 0f b6 44 0a 06 88 01 48 8d
0x00007ffd09ad0f7a:   49 01 49 83 e8 01 75 ee 41 c6 04 13 00 48 c7 c0
0x00007ffd09ad0f8a:   ff ff ff ff 66 90 48 ff c0 80 3c 02 00 75 f7 48
0x00007ffd09ad0f9a:   63 c8 85 c0 48 8b c2 7e 14 80 38 2f 75 03 c6 00
0x00007ffd09ad0faa:   2e 48 ff c0 48 83 e9 01 75 ef 48 8b c2 c3 cc cc
0x00007ffd09ad0fba:   cc cc cc cc cc cc 48 83 ec 28 e8 f7 fe ff ff 4c 


Stack slot to memory mapping:
stack at sp + 0 slots: 0x000000000000001b is an unknown value
stack at sp + 1 slots: 0x0000000800c0af88 is a pointer to class: 
ejercicio3.Ejercicio3Vertex {0x0000000800c0af90}
 - instance size:     4
 - klass size:        80
 - access:            public final synchronized 
 - state:             fully_initialized
 - name:              'ejercicio3/Ejercicio3Vertex'
 - super:             'java/lang/Record'
 - sub:               
 - arrays:            NULL
 - methods:           Array<T>(0x000002073d0b6a48)
 - method ordering:   Array<T>(0x000002073d0b7a68)
 - default_methods:   Array<T>(0x000002073d062510)
 - default vtable indices:   Array<T>(0x000002073d062548)
 - local interfaces:  Array<T>(0x000002073d061170)
 - trans. interfaces: Array<T>(0x000002073d061170)
 - constants:         constant pool [290]/operands[46] {0x000002073d0b9358} for 'ejercicio3/Ejercicio3Vertex' cache=0x000002073d0b9d40
 - class loader data:  loader data: 0x0000020740e63af0 for instance a 'jdk/internal/loader/ClassLoaders$AppClassLoader'{0x000000062106c908}
 - source file:       'Ejercicio3Vertex.java'
 - source debug extension:       SMAP
Ejercicio3Vertex.java
Java
*S jdt
*F
1 Ejercicio3Vertex.java
2 file:/C:/Users/marco/Desktop/workspace%20adda23/PI5_marrodgar60/bin/
*L
*E

 - class annotations:       Array<T>(0x0000000000000000)
 - class type annotations:  Array<T>(0x0000000000000000)
 - field annotations:       Array<T>(0x0000000000000000)
 - field type annotations:  Array<T>(0x0000000000000000)
 - previous version:  constant pool [282]/operands[46] {0x000002073d0607d8} for 'ejercicio3/Ejercicio3Vertex' (extra) cache=0x000002073d063a40
 - generic signature: '
[error occurred during error reporting (inspecting top of stack), id 0xc0000005, EXCEPTION_ACCESS_VIOLATION (0xc0000005) at pc=0x00007ffd09ad1ad6]


---------------  P R O C E S S  ---------------

Threads class SMR info:
_java_thread_list=0x0000020741152620, length=15, elements={
0x000002070e0c09c0, 0x000002073a00e770, 0x000002073a00f110, 0x000002073a0250a0,
0x000002073a025a40, 0x000002073a0265f0, 0x000002073a027dc0, 0x0000020740d38090,
0x0000020740d38fb0, 0x0000020740d396c0, 0x0000020740e33600, 0x00000207412d8990,
0x00000207412a2c90, 0x000002074100e6e0, 0x0000020740e31920
}

Java Threads: ( => current thread )
  0x000002070e0c09c0 JavaThread "main" [_thread_blocked, id=9196, stack(0x000000cdc6300000,0x000000cdc6400000)]
  0x000002073a00e770 JavaThread "Reference Handler" daemon [_thread_blocked, id=17468, stack(0x000000cdc6a00000,0x000000cdc6b00000)]
  0x000002073a00f110 JavaThread "Finalizer" daemon [_thread_blocked, id=4644, stack(0x000000cdc6b00000,0x000000cdc6c00000)]
  0x000002073a0250a0 JavaThread "Signal Dispatcher" daemon [_thread_blocked, id=15248, stack(0x000000cdc6c00000,0x000000cdc6d00000)]
  0x000002073a025a40 JavaThread "Attach Listener" daemon [_thread_blocked, id=15944, stack(0x000000cdc6d00000,0x000000cdc6e00000)]
  0x000002073a0265f0 JavaThread "Service Thread" daemon [_thread_blocked, id=7484, stack(0x000000cdc6e00000,0x000000cdc6f00000)]
  0x000002073a027dc0 JavaThread "Monitor Deflation Thread" daemon [_thread_blocked, id=1420, stack(0x000000cdc6f00000,0x000000cdc7000000)]
  0x0000020740d38090 JavaThread "C2 CompilerThread0" daemon [_thread_blocked, id=17180, stack(0x000000cdc7000000,0x000000cdc7100000)]
  0x0000020740d38fb0 JavaThread "C1 CompilerThread0" daemon [_thread_blocked, id=14292, stack(0x000000cdc7100000,0x000000cdc7200000)]
  0x0000020740d396c0 JavaThread "Sweeper thread" daemon [_thread_blocked, id=10796, stack(0x000000cdc7200000,0x000000cdc7300000)]
  0x0000020740e33600 JavaThread "Common-Cleaner" daemon [_thread_blocked, id=10696, stack(0x000000cdc7300000,0x000000cdc7400000)]
=>0x00000207412d8990 JavaThread "JDWP Transport Listener: dt_socket" daemon [_thread_in_vm, id=3412, stack(0x000000cdc7600000,0x000000cdc7700000)]
  0x00000207412a2c90 JavaThread "JDWP Event Helper Thread" daemon [_thread_blocked, id=2336, stack(0x000000cdc7700000,0x000000cdc7800000)]
  0x000002074100e6e0 JavaThread "JDWP Command Reader" daemon [_thread_in_native, id=5020, stack(0x000000cdc7800000,0x000000cdc7900000)]
  0x0000020740e31920 JavaThread "Notification Thread" daemon [_thread_blocked, id=4024, stack(0x000000cdc7900000,0x000000cdc7a00000)]

Other Threads:
  0x000002073a00aee0 VMThread "VM Thread" [stack: 0x000000cdc6900000,0x000000cdc6a00000] [id=4876]
  0x000002074144e790 WatcherThread "VM Periodic Task Thread" [stack: 0x000000cdc7a00000,0x000000cdc7b00000] [id=18224]
  0x000002070e173ba0 WorkerThread "GC Thread#0" [stack: 0x000000cdc6400000,0x000000cdc6500000] [id=2016]
  0x000002070e17e370 ConcurrentGCThread "G1 Main Marker" [stack: 0x000000cdc6500000,0x000000cdc6600000] [id=13872]
  0x0000020739e48040 WorkerThread "G1 Conc#0" [stack: 0x000000cdc6600000,0x000000cdc6700000] [id=1104]
  0x0000020739ebe320 ConcurrentGCThread "G1 Refine#0" [stack: 0x000000cdc6700000,0x000000cdc6800000] [id=16688]
  0x0000020739ebfae0 ConcurrentGCThread "G1 Service" [stack: 0x000000cdc6800000,0x000000cdc6900000] [id=7740]

Threads with active compile tasks:

VM state: not at safepoint (normal execution)

VM Mutex/Monitor currently owned by a thread: None

Heap address: 0x0000000601400000, size: 8172 MB, Compressed Oops mode: Zero based, Oop shift amount: 3

CDS archive(s) mapped at: [0x0000000800000000-0x0000000800ba0000-0x0000000800ba0000), size 12189696, SharedBaseAddress: 0x0000000800000000, ArchiveRelocationMode: 0.
Compressed class space mapped at: 0x0000000800c00000-0x0000000840c00000, reserved size: 1073741824
Narrow klass base: 0x0000000800000000, Narrow klass shift: 0, Narrow klass range: 0x100000000

GC Precious Log:
 CardTable entry size: 512
 Card Set container configuration: InlinePtr #cards 4 size 8 Array Of Cards #cards 32 size 80 Howl #buckets 8 coarsen threshold 7372 Howl Bitmap #cards 1024 size 144 coarsen threshold 921 Card regions per heap region 1 cards per card region 8192
 CPUs: 12 total, 12 available
 Memory: 32679M
 Large Page Support: Disabled
 NUMA Support: Disabled
 Compressed Oops: Enabled (Zero based)
 Heap Region Size: 4M
 Heap Min Capacity: 8M
 Heap Initial Capacity: 512M
 Heap Max Capacity: 8172M
 Pre-touch: Disabled
 Parallel Workers: 10
 Concurrent Workers: 3
 Concurrent Refinement Workers: 10
 Periodic GC: Disabled

Heap:
 garbage-first heap   total 524288K, used 16384K [0x0000000601400000, 0x0000000800000000)
  region size 4096K, 5 young (20480K), 0 survivors (0K)
 Metaspace       used 4132K, committed 4288K, reserved 1114112K
  class space    used 381K, committed 448K, reserved 1048576K

Heap Regions: E=young(eden), S=young(survivor), O=old, HS=humongous(starts), HC=humongous(continues), CS=collection set, F=free, OA=open archive, CA=closed archive, TAMS=top-at-mark-start (previous, next)
|   0|0x0000000601400000, 0x0000000601400000, 0x0000000601800000|  0%| F|  |TAMS 0x0000000601400000, 0x0000000601400000| Untracked 
|   1|0x0000000601800000, 0x0000000601800000, 0x0000000601c00000|  0%| F|  |TAMS 0x0000000601800000, 0x0000000601800000| Untracked 
|   2|0x0000000601c00000, 0x0000000601c00000, 0x0000000602000000|  0%| F|  |TAMS 0x0000000601c00000, 0x0000000601c00000| Untracked 
|   3|0x0000000602000000, 0x0000000602000000, 0x0000000602400000|  0%| F|  |TAMS 0x0000000602000000, 0x0000000602000000| Untracked 
|   4|0x0000000602400000, 0x0000000602400000, 0x0000000602800000|  0%| F|  |TAMS 0x0000000602400000, 0x0000000602400000| Untracked 
|   5|0x0000000602800000, 0x0000000602800000, 0x0000000602c00000|  0%| F|  |TAMS 0x0000000602800000, 0x0000000602800000| Untracked 
|   6|0x0000000602c00000, 0x0000000602c00000, 0x0000000603000000|  0%| F|  |TAMS 0x0000000602c00000, 0x0000000602c00000| Untracked 
|   7|0x0000000603000000, 0x0000000603000000, 0x0000000603400000|  0%| F|  |TAMS 0x0000000603000000, 0x0000000603000000| Untracked 
|   8|0x0000000603400000, 0x0000000603400000, 0x0000000603800000|  0%| F|  |TAMS 0x0000000603400000, 0x0000000603400000| Untracked 
|   9|0x0000000603800000, 0x0000000603800000, 0x0000000603c00000|  0%| F|  |TAMS 0x0000000603800000, 0x0000000603800000| Untracked 
|  10|0x0000000603c00000, 0x0000000603c00000, 0x0000000604000000|  0%| F|  |TAMS 0x0000000603c00000, 0x0000000603c00000| Untracked 
|  11|0x0000000604000000, 0x0000000604000000, 0x0000000604400000|  0%| F|  |TAMS 0x0000000604000000, 0x0000000604000000| Untracked 
|  12|0x0000000604400000, 0x0000000604400000, 0x0000000604800000|  0%| F|  |TAMS 0x0000000604400000, 0x0000000604400000| Untracked 
|  13|0x0000000604800000, 0x0000000604800000, 0x0000000604c00000|  0%| F|  |TAMS 0x0000000604800000, 0x0000000604800000| Untracked 
|  14|0x0000000604c00000, 0x0000000604c00000, 0x0000000605000000|  0%| F|  |TAMS 0x0000000604c00000, 0x0000000604c00000| Untracked 
|  15|0x0000000605000000, 0x0000000605000000, 0x0000000605400000|  0%| F|  |TAMS 0x0000000605000000, 0x0000000605000000| Untracked 
|  16|0x0000000605400000, 0x0000000605400000, 0x0000000605800000|  0%| F|  |TAMS 0x0000000605400000, 0x0000000605400000| Untracked 
|  17|0x0000000605800000, 0x0000000605800000, 0x0000000605c00000|  0%| F|  |TAMS 0x0000000605800000, 0x0000000605800000| Untracked 
|  18|0x0000000605c00000, 0x0000000605c00000, 0x0000000606000000|  0%| F|  |TAMS 0x0000000605c00000, 0x0000000605c00000| Untracked 
|  19|0x0000000606000000, 0x0000000606000000, 0x0000000606400000|  0%| F|  |TAMS 0x0000000606000000, 0x0000000606000000| Untracked 
|  20|0x0000000606400000, 0x0000000606400000, 0x0000000606800000|  0%| F|  |TAMS 0x0000000606400000, 0x0000000606400000| Untracked 
|  21|0x0000000606800000, 0x0000000606800000, 0x0000000606c00000|  0%| F|  |TAMS 0x0000000606800000, 0x0000000606800000| Untracked 
|  22|0x0000000606c00000, 0x0000000606c00000, 0x0000000607000000|  0%| F|  |TAMS 0x0000000606c00000, 0x0000000606c00000| Untracked 
|  23|0x0000000607000000, 0x0000000607000000, 0x0000000607400000|  0%| F|  |TAMS 0x0000000607000000, 0x0000000607000000| Untracked 
|  24|0x0000000607400000, 0x0000000607400000, 0x0000000607800000|  0%| F|  |TAMS 0x0000000607400000, 0x0000000607400000| Untracked 
|  25|0x0000000607800000, 0x0000000607800000, 0x0000000607c00000|  0%| F|  |TAMS 0x0000000607800000, 0x0000000607800000| Untracked 
|  26|0x0000000607c00000, 0x0000000607c00000, 0x0000000608000000|  0%| F|  |TAMS 0x0000000607c00000, 0x0000000607c00000| Untracked 
|  27|0x0000000608000000, 0x0000000608000000, 0x0000000608400000|  0%| F|  |TAMS 0x0000000608000000, 0x0000000608000000| Untracked 
|  28|0x0000000608400000, 0x0000000608400000, 0x0000000608800000|  0%| F|  |TAMS 0x0000000608400000, 0x0000000608400000| Untracked 
|  29|0x0000000608800000, 0x0000000608800000, 0x0000000608c00000|  0%| F|  |TAMS 0x0000000608800000, 0x0000000608800000| Untracked 
|  30|0x0000000608c00000, 0x0000000608c00000, 0x0000000609000000|  0%| F|  |TAMS 0x0000000608c00000, 0x0000000608c00000| Untracked 
|  31|0x0000000609000000, 0x0000000609000000, 0x0000000609400000|  0%| F|  |TAMS 0x0000000609000000, 0x0000000609000000| Untracked 
|  32|0x0000000609400000, 0x0000000609400000, 0x0000000609800000|  0%| F|  |TAMS 0x0000000609400000, 0x0000000609400000| Untracked 
|  33|0x0000000609800000, 0x0000000609800000, 0x0000000609c00000|  0%| F|  |TAMS 0x0000000609800000, 0x0000000609800000| Untracked 
|  34|0x0000000609c00000, 0x0000000609c00000, 0x000000060a000000|  0%| F|  |TAMS 0x0000000609c00000, 0x0000000609c00000| Untracked 
|  35|0x000000060a000000, 0x000000060a000000, 0x000000060a400000|  0%| F|  |TAMS 0x000000060a000000, 0x000000060a000000| Untracked 
|  36|0x000000060a400000, 0x000000060a400000, 0x000000060a800000|  0%| F|  |TAMS 0x000000060a400000, 0x000000060a400000| Untracked 
|  37|0x000000060a800000, 0x000000060a800000, 0x000000060ac00000|  0%| F|  |TAMS 0x000000060a800000, 0x000000060a800000| Untracked 
|  38|0x000000060ac00000, 0x000000060ac00000, 0x000000060b000000|  0%| F|  |TAMS 0x000000060ac00000, 0x000000060ac00000| Untracked 
|  39|0x000000060b000000, 0x000000060b000000, 0x000000060b400000|  0%| F|  |TAMS 0x000000060b000000, 0x000000060b000000| Untracked 
|  40|0x000000060b400000, 0x000000060b400000, 0x000000060b800000|  0%| F|  |TAMS 0x000000060b400000, 0x000000060b400000| Untracked 
|  41|0x000000060b800000, 0x000000060b800000, 0x000000060bc00000|  0%| F|  |TAMS 0x000000060b800000, 0x000000060b800000| Untracked 
|  42|0x000000060bc00000, 0x000000060bc00000, 0x000000060c000000|  0%| F|  |TAMS 0x000000060bc00000, 0x000000060bc00000| Untracked 
|  43|0x000000060c000000, 0x000000060c000000, 0x000000060c400000|  0%| F|  |TAMS 0x000000060c000000, 0x000000060c000000| Untracked 
|  44|0x000000060c400000, 0x000000060c400000, 0x000000060c800000|  0%| F|  |TAMS 0x000000060c400000, 0x000000060c400000| Untracked 
|  45|0x000000060c800000, 0x000000060c800000, 0x000000060cc00000|  0%| F|  |TAMS 0x000000060c800000, 0x000000060c800000| Untracked 
|  46|0x000000060cc00000, 0x000000060cc00000, 0x000000060d000000|  0%| F|  |TAMS 0x000000060cc00000, 0x000000060cc00000| Untracked 
|  47|0x000000060d000000, 0x000000060d000000, 0x000000060d400000|  0%| F|  |TAMS 0x000000060d000000, 0x000000060d000000| Untracked 
|  48|0x000000060d400000, 0x000000060d400000, 0x000000060d800000|  0%| F|  |TAMS 0x000000060d400000, 0x000000060d400000| Untracked 
|  49|0x000000060d800000, 0x000000060d800000, 0x000000060dc00000|  0%| F|  |TAMS 0x000000060d800000, 0x000000060d800000| Untracked 
|  50|0x000000060dc00000, 0x000000060dc00000, 0x000000060e000000|  0%| F|  |TAMS 0x000000060dc00000, 0x000000060dc00000| Untracked 
|  51|0x000000060e000000, 0x000000060e000000, 0x000000060e400000|  0%| F|  |TAMS 0x000000060e000000, 0x000000060e000000| Untracked 
|  52|0x000000060e400000, 0x000000060e400000, 0x000000060e800000|  0%| F|  |TAMS 0x000000060e400000, 0x000000060e400000| Untracked 
|  53|0x000000060e800000, 0x000000060e800000, 0x000000060ec00000|  0%| F|  |TAMS 0x000000060e800000, 0x000000060e800000| Untracked 
|  54|0x000000060ec00000, 0x000000060ec00000, 0x000000060f000000|  0%| F|  |TAMS 0x000000060ec00000, 0x000000060ec00000| Untracked 
|  55|0x000000060f000000, 0x000000060f000000, 0x000000060f400000|  0%| F|  |TAMS 0x000000060f000000, 0x000000060f000000| Untracked 
|  56|0x000000060f400000, 0x000000060f400000, 0x000000060f800000|  0%| F|  |TAMS 0x000000060f400000, 0x000000060f400000| Untracked 
|  57|0x000000060f800000, 0x000000060f800000, 0x000000060fc00000|  0%| F|  |TAMS 0x000000060f800000, 0x000000060f800000| Untracked 
|  58|0x000000060fc00000, 0x000000060fc00000, 0x0000000610000000|  0%| F|  |TAMS 0x000000060fc00000, 0x000000060fc00000| Untracked 
|  59|0x0000000610000000, 0x0000000610000000, 0x0000000610400000|  0%| F|  |TAMS 0x0000000610000000, 0x0000000610000000| Untracked 
|  60|0x0000000610400000, 0x0000000610400000, 0x0000000610800000|  0%| F|  |TAMS 0x0000000610400000, 0x0000000610400000| Untracked 
|  61|0x0000000610800000, 0x0000000610800000, 0x0000000610c00000|  0%| F|  |TAMS 0x0000000610800000, 0x0000000610800000| Untracked 
|  62|0x0000000610c00000, 0x0000000610c00000, 0x0000000611000000|  0%| F|  |TAMS 0x0000000610c00000, 0x0000000610c00000| Untracked 
|  63|0x0000000611000000, 0x0000000611000000, 0x0000000611400000|  0%| F|  |TAMS 0x0000000611000000, 0x0000000611000000| Untracked 
|  64|0x0000000611400000, 0x0000000611400000, 0x0000000611800000|  0%| F|  |TAMS 0x0000000611400000, 0x0000000611400000| Untracked 
|  65|0x0000000611800000, 0x0000000611800000, 0x0000000611c00000|  0%| F|  |TAMS 0x0000000611800000, 0x0000000611800000| Untracked 
|  66|0x0000000611c00000, 0x0000000611c00000, 0x0000000612000000|  0%| F|  |TAMS 0x0000000611c00000, 0x0000000611c00000| Untracked 
|  67|0x0000000612000000, 0x0000000612000000, 0x0000000612400000|  0%| F|  |TAMS 0x0000000612000000, 0x0000000612000000| Untracked 
|  68|0x0000000612400000, 0x0000000612400000, 0x0000000612800000|  0%| F|  |TAMS 0x0000000612400000, 0x0000000612400000| Untracked 
|  69|0x0000000612800000, 0x0000000612800000, 0x0000000612c00000|  0%| F|  |TAMS 0x0000000612800000, 0x0000000612800000| Untracked 
|  70|0x0000000612c00000, 0x0000000612c00000, 0x0000000613000000|  0%| F|  |TAMS 0x0000000612c00000, 0x0000000612c00000| Untracked 
|  71|0x0000000613000000, 0x0000000613000000, 0x0000000613400000|  0%| F|  |TAMS 0x0000000613000000, 0x0000000613000000| Untracked 
|  72|0x0000000613400000, 0x0000000613400000, 0x0000000613800000|  0%| F|  |TAMS 0x0000000613400000, 0x0000000613400000| Untracked 
|  73|0x0000000613800000, 0x0000000613800000, 0x0000000613c00000|  0%| F|  |TAMS 0x0000000613800000, 0x0000000613800000| Untracked 
|  74|0x0000000613c00000, 0x0000000613c00000, 0x0000000614000000|  0%| F|  |TAMS 0x0000000613c00000, 0x0000000613c00000| Untracked 
|  75|0x0000000614000000, 0x0000000614000000, 0x0000000614400000|  0%| F|  |TAMS 0x0000000614000000, 0x0000000614000000| Untracked 
|  76|0x0000000614400000, 0x0000000614400000, 0x0000000614800000|  0%| F|  |TAMS 0x0000000614400000, 0x0000000614400000| Untracked 
|  77|0x0000000614800000, 0x0000000614800000, 0x0000000614c00000|  0%| F|  |TAMS 0x0000000614800000, 0x0000000614800000| Untracked 
|  78|0x0000000614c00000, 0x0000000614c00000, 0x0000000615000000|  0%| F|  |TAMS 0x0000000614c00000, 0x0000000614c00000| Untracked 
|  79|0x0000000615000000, 0x0000000615000000, 0x0000000615400000|  0%| F|  |TAMS 0x0000000615000000, 0x0000000615000000| Untracked 
|  80|0x0000000615400000, 0x0000000615400000, 0x0000000615800000|  0%| F|  |TAMS 0x0000000615400000, 0x0000000615400000| Untracked 
|  81|0x0000000615800000, 0x0000000615800000, 0x0000000615c00000|  0%| F|  |TAMS 0x0000000615800000, 0x0000000615800000| Untracked 
|  82|0x0000000615c00000, 0x0000000615c00000, 0x0000000616000000|  0%| F|  |TAMS 0x0000000615c00000, 0x0000000615c00000| Untracked 
|  83|0x0000000616000000, 0x0000000616000000, 0x0000000616400000|  0%| F|  |TAMS 0x0000000616000000, 0x0000000616000000| Untracked 
|  84|0x0000000616400000, 0x0000000616400000, 0x0000000616800000|  0%| F|  |TAMS 0x0000000616400000, 0x0000000616400000| Untracked 
|  85|0x0000000616800000, 0x0000000616800000, 0x0000000616c00000|  0%| F|  |TAMS 0x0000000616800000, 0x0000000616800000| Untracked 
|  86|0x0000000616c00000, 0x0000000616c00000, 0x0000000617000000|  0%| F|  |TAMS 0x0000000616c00000, 0x0000000616c00000| Untracked 
|  87|0x0000000617000000, 0x0000000617000000, 0x0000000617400000|  0%| F|  |TAMS 0x0000000617000000, 0x0000000617000000| Untracked 
|  88|0x0000000617400000, 0x0000000617400000, 0x0000000617800000|  0%| F|  |TAMS 0x0000000617400000, 0x0000000617400000| Untracked 
|  89|0x0000000617800000, 0x0000000617800000, 0x0000000617c00000|  0%| F|  |TAMS 0x0000000617800000, 0x0000000617800000| Untracked 
|  90|0x0000000617c00000, 0x0000000617c00000, 0x0000000618000000|  0%| F|  |TAMS 0x0000000617c00000, 0x0000000617c00000| Untracked 
|  91|0x0000000618000000, 0x0000000618000000, 0x0000000618400000|  0%| F|  |TAMS 0x0000000618000000, 0x0000000618000000| Untracked 
|  92|0x0000000618400000, 0x0000000618400000, 0x0000000618800000|  0%| F|  |TAMS 0x0000000618400000, 0x0000000618400000| Untracked 
|  93|0x0000000618800000, 0x0000000618800000, 0x0000000618c00000|  0%| F|  |TAMS 0x0000000618800000, 0x0000000618800000| Untracked 
|  94|0x0000000618c00000, 0x0000000618c00000, 0x0000000619000000|  0%| F|  |TAMS 0x0000000618c00000, 0x0000000618c00000| Untracked 
|  95|0x0000000619000000, 0x0000000619000000, 0x0000000619400000|  0%| F|  |TAMS 0x0000000619000000, 0x0000000619000000| Untracked 
|  96|0x0000000619400000, 0x0000000619400000, 0x0000000619800000|  0%| F|  |TAMS 0x0000000619400000, 0x0000000619400000| Untracked 
|  97|0x0000000619800000, 0x0000000619800000, 0x0000000619c00000|  0%| F|  |TAMS 0x0000000619800000, 0x0000000619800000| Untracked 
|  98|0x0000000619c00000, 0x0000000619c00000, 0x000000061a000000|  0%| F|  |TAMS 0x0000000619c00000, 0x0000000619c00000| Untracked 
|  99|0x000000061a000000, 0x000000061a000000, 0x000000061a400000|  0%| F|  |TAMS 0x000000061a000000, 0x000000061a000000| Untracked 
| 100|0x000000061a400000, 0x000000061a400000, 0x000000061a800000|  0%| F|  |TAMS 0x000000061a400000, 0x000000061a400000| Untracked 
| 101|0x000000061a800000, 0x000000061a800000, 0x000000061ac00000|  0%| F|  |TAMS 0x000000061a800000, 0x000000061a800000| Untracked 
| 102|0x000000061ac00000, 0x000000061ac00000, 0x000000061b000000|  0%| F|  |TAMS 0x000000061ac00000, 0x000000061ac00000| Untracked 
| 103|0x000000061b000000, 0x000000061b000000, 0x000000061b400000|  0%| F|  |TAMS 0x000000061b000000, 0x000000061b000000| Untracked 
| 104|0x000000061b400000, 0x000000061b400000, 0x000000061b800000|  0%| F|  |TAMS 0x000000061b400000, 0x000000061b400000| Untracked 
| 105|0x000000061b800000, 0x000000061b800000, 0x000000061bc00000|  0%| F|  |TAMS 0x000000061b800000, 0x000000061b800000| Untracked 
| 106|0x000000061bc00000, 0x000000061bc00000, 0x000000061c000000|  0%| F|  |TAMS 0x000000061bc00000, 0x000000061bc00000| Untracked 
| 107|0x000000061c000000, 0x000000061c000000, 0x000000061c400000|  0%| F|  |TAMS 0x000000061c000000, 0x000000061c000000| Untracked 
| 108|0x000000061c400000, 0x000000061c400000, 0x000000061c800000|  0%| F|  |TAMS 0x000000061c400000, 0x000000061c400000| Untracked 
| 109|0x000000061c800000, 0x000000061c800000, 0x000000061cc00000|  0%| F|  |TAMS 0x000000061c800000, 0x000000061c800000| Untracked 
| 110|0x000000061cc00000, 0x000000061cc00000, 0x000000061d000000|  0%| F|  |TAMS 0x000000061cc00000, 0x000000061cc00000| Untracked 
| 111|0x000000061d000000, 0x000000061d000000, 0x000000061d400000|  0%| F|  |TAMS 0x000000061d000000, 0x000000061d000000| Untracked 
| 112|0x000000061d400000, 0x000000061d400000, 0x000000061d800000|  0%| F|  |TAMS 0x000000061d400000, 0x000000061d400000| Untracked 
| 113|0x000000061d800000, 0x000000061d800000, 0x000000061dc00000|  0%| F|  |TAMS 0x000000061d800000, 0x000000061d800000| Untracked 
| 114|0x000000061dc00000, 0x000000061dc00000, 0x000000061e000000|  0%| F|  |TAMS 0x000000061dc00000, 0x000000061dc00000| Untracked 
| 115|0x000000061e000000, 0x000000061e000000, 0x000000061e400000|  0%| F|  |TAMS 0x000000061e000000, 0x000000061e000000| Untracked 
| 116|0x000000061e400000, 0x000000061e400000, 0x000000061e800000|  0%| F|  |TAMS 0x000000061e400000, 0x000000061e400000| Untracked 
| 117|0x000000061e800000, 0x000000061e800000, 0x000000061ec00000|  0%| F|  |TAMS 0x000000061e800000, 0x000000061e800000| Untracked 
| 118|0x000000061ec00000, 0x000000061ec00000, 0x000000061f000000|  0%| F|  |TAMS 0x000000061ec00000, 0x000000061ec00000| Untracked 
| 119|0x000000061f000000, 0x000000061f000000, 0x000000061f400000|  0%| F|  |TAMS 0x000000061f000000, 0x000000061f000000| Untracked 
| 120|0x000000061f400000, 0x000000061f400000, 0x000000061f800000|  0%| F|  |TAMS 0x000000061f400000, 0x000000061f400000| Untracked 
| 121|0x000000061f800000, 0x000000061f800000, 0x000000061fc00000|  0%| F|  |TAMS 0x000000061f800000, 0x000000061f800000| Untracked 
| 122|0x000000061fc00000, 0x000000061fc00000, 0x0000000620000000|  0%| F|  |TAMS 0x000000061fc00000, 0x000000061fc00000| Untracked 
| 123|0x0000000620000000, 0x0000000620269048, 0x0000000620400000| 60%| E|  |TAMS 0x0000000620000000, 0x0000000620000000| Complete 
| 124|0x0000000620400000, 0x0000000620800000, 0x0000000620800000|100%| E|CS|TAMS 0x0000000620400000, 0x0000000620400000| Complete 
| 125|0x0000000620800000, 0x0000000620c00000, 0x0000000620c00000|100%| E|CS|TAMS 0x0000000620800000, 0x0000000620800000| Complete 
| 126|0x0000000620c00000, 0x0000000621000000, 0x0000000621000000|100%| E|CS|TAMS 0x0000000620c00000, 0x0000000620c00000| Complete 
| 127|0x0000000621000000, 0x0000000621400000, 0x0000000621400000|100%| E|CS|TAMS 0x0000000621000000, 0x0000000621000000| Complete 

Card table byte_map: [0x0000020727e50000,0x0000020728e50000] _byte_map_base: 0x0000020724e46000

Marking Bits (Prev, Next): (CMBitMap*) 0x000002070e1741a0, (CMBitMap*) 0x000002070e1741e0
 Prev Bits: [0x0000020729e50000, 0x0000020731e00000)
 Next Bits: [0x0000020731e00000, 0x0000020739db0000)

Polling page: 0x00000207171a0000

Metaspace:

Usage:
  Non-class:      3.66 MB used.
      Class:    381.84 KB used.
       Both:      4.04 MB used.

Virtual space:
  Non-class space:       64.00 MB reserved,       3.75 MB (  6%) committed,  1 nodes.
      Class space:        1.00 GB reserved,     448.00 KB ( <1%) committed,  1 nodes.
             Both:        1.06 GB reserved,       4.19 MB ( <1%) committed. 

Chunk freelists:
   Non-Class:  3.27 MB
       Class:  3.50 MB
        Both:  6.77 MB

MaxMetaspaceSize: unlimited
CompressedClassSpaceSize: 1.00 GB
Initial GC threshold: 21.00 MB
Current GC threshold: 21.00 MB
CDS: on
MetaspaceReclaimPolicy: balanced
 - commit_granule_bytes: 65536.
 - commit_granule_words: 8192.
 - virtual_space_node_default_size: 8388608.
 - enlarge_chunks_in_place: 1.
 - new_chunks_are_fully_committed: 0.
 - uncommit_free_chunks: 1.
 - use_allocation_guard: 0.


Internal statistics:

num_allocs_failed_limit: 0.
num_arena_births: 134.
num_arena_deaths: 0.
num_vsnodes_births: 2.
num_vsnodes_deaths: 0.
num_space_committed: 67.
num_space_uncommitted: 0.
num_chunks_returned_to_freelist: 0.
num_chunks_taken_from_freelist: 175.
num_chunk_merges: 0.
num_chunk_splits: 119.
num_chunks_enlarged: 79.
num_inconsistent_stats: 0.

CodeHeap 'non-profiled nmethods': size=120000Kb used=421Kb max_used=421Kb free=119578Kb
 bounds [0x000002071ec90000, 0x000002071ef00000, 0x00000207261c0000]
CodeHeap 'profiled nmethods': size=120000Kb used=1807Kb max_used=1807Kb free=118192Kb
 bounds [0x0000020717760000, 0x00000207179d0000, 0x000002071ec90000]
CodeHeap 'non-nmethods': size=5760Kb used=1224Kb max_used=1245Kb free=4535Kb
 bounds [0x00000207171c0000, 0x0000020717430000, 0x0000020717760000]
 total_blobs=1464 nmethods=1030 adapters=347
 compilation: enabled
              stopped_count=0, restarted_count=0
 full_count=0

Compilation events (20 events):
Event: 0.366 Thread 0x0000020740d38fb0 1018       3       org.eclipse.jdt.launching.internal.org.objectweb.asm.ClassReader::readConst (276 bytes)
Event: 0.366 Thread 0x0000020740d38fb0 nmethod 1018 0x000002071791dc90 code [0x000002071791e120, 0x000002071791fed8]
Event: 0.366 Thread 0x0000020740d38fb0 1020       3       java.util.WeakHashMap::maskNull (12 bytes)
Event: 0.367 Thread 0x0000020740d38fb0 nmethod 1020 0x0000020717920a10 code [0x0000020717920ba0, 0x0000020717920cd8]
Event: 0.367 Thread 0x0000020740d38fb0 1019       3       java.lang.Long::<init> (10 bytes)
Event: 0.367 Thread 0x0000020740d38fb0 nmethod 1019 0x0000020717920d90 code [0x0000020717920f40, 0x0000020717921118]
Event: 0.367 Thread 0x0000020740d38fb0 1021       3       java.nio.Buffer::limit (65 bytes)
Event: 0.367 Thread 0x0000020740d38fb0 nmethod 1021 0x0000020717921210 code [0x00000207179213c0, 0x00000207179216a8]
Event: 0.368 Thread 0x0000020740d38090 1023       4       org.eclipse.jdt.launching.internal.org.objectweb.asm.Symbol::<init> (38 bytes)
Event: 0.368 Thread 0x00000207410dcaa0 1024       4       org.eclipse.jdt.launching.internal.org.objectweb.asm.SymbolTable::add (39 bytes)
Event: 0.368 Thread 0x0000020740d38fb0 1025       3       org.eclipse.jdt.launching.internal.org.objectweb.asm.Type::hashCode (68 bytes)
Event: 0.369 Thread 0x0000020740d38fb0 nmethod 1025 0x0000020717921790 code [0x00000207179219a0, 0x00000207179220d8]
Event: 0.370 Thread 0x0000020740d38fb0 1026       3       jdk.internal.org.objectweb.asm.SymbolTable::addConstantMemberReference (147 bytes)
Event: 0.370 Thread 0x0000020740d38090 nmethod 1023 0x000002071ecf8590 code [0x000002071ecf8700, 0x000002071ecf8a38]
Event: 0.370 Thread 0x0000020740d38fb0 nmethod 1026 0x0000020717922410 code [0x0000020717922680, 0x0000020717922f88]
Event: 0.370 Thread 0x0000020740d38fb0 1027       3       jdk.internal.org.objectweb.asm.SymbolTable::hash (20 bytes)
Event: 0.370 Thread 0x00000207410dcaa0 nmethod 1024 0x000002071ecf8b10 code [0x000002071ecf8ca0, 0x000002071ecf8fb8]
Event: 0.371 Thread 0x0000020740d38fb0 nmethod 1027 0x0000020717923510 code [0x00000207179236c0, 0x00000207179238a8]
Event: 0.371 Thread 0x0000020740d38fb0 1028       3       jdk.internal.org.objectweb.asm.Handler::getExceptionTableSize (10 bytes)
Event: 0.371 Thread 0x0000020740d38fb0 nmethod 1028 0x0000020717923a10 code [0x0000020717923bc0, 0x0000020717923dd8]

GC Heap History (0 events):
No events

Deoptimization events (20 events):
Event: 0.309 Thread 0x000002070e0c09c0 DEOPT PACKING pc=0x00000207178aff7c sp=0x000000cdc63fc180
Event: 0.309 Thread 0x000002070e0c09c0 DEOPT UNPACKING pc=0x0000020717212b43 sp=0x000000cdc63fb5e8 mode 0
Event: 0.309 Thread 0x000002070e0c09c0 DEOPT PACKING pc=0x00000207178aff7c sp=0x000000cdc63fc180
Event: 0.309 Thread 0x000002070e0c09c0 DEOPT UNPACKING pc=0x0000020717212b43 sp=0x000000cdc63fb5e8 mode 0
Event: 0.313 Thread 0x000002070e0c09c0 DEOPT PACKING pc=0x00000207178aff7c sp=0x000000cdc63fbb50
Event: 0.313 Thread 0x000002070e0c09c0 DEOPT UNPACKING pc=0x0000020717212b43 sp=0x000000cdc63fafb8 mode 0
Event: 0.314 Thread 0x000002070e0c09c0 DEOPT PACKING pc=0x00000207178aff7c sp=0x000000cdc63fc180
Event: 0.314 Thread 0x000002070e0c09c0 DEOPT UNPACKING pc=0x0000020717212b43 sp=0x000000cdc63fb5e8 mode 0
Event: 0.316 Thread 0x000002070e0c09c0 DEOPT PACKING pc=0x00000207178aff7c sp=0x000000cdc63f8320
Event: 0.316 Thread 0x000002070e0c09c0 DEOPT UNPACKING pc=0x0000020717212b43 sp=0x000000cdc63f7788 mode 0
Event: 0.317 Thread 0x000002070e0c09c0 DEOPT PACKING pc=0x00000207178aff7c sp=0x000000cdc63f8320
Event: 0.317 Thread 0x000002070e0c09c0 DEOPT UNPACKING pc=0x0000020717212b43 sp=0x000000cdc63f7788 mode 0
Event: 0.325 Thread 0x000002070e0c09c0 Uncommon trap: trap_request=0xffffff45 fr.pc=0x000002071eca43ac relative=0x00000000000001ac
Event: 0.325 Thread 0x000002070e0c09c0 Uncommon trap: reason=unstable_if action=reinterpret pc=0x000002071eca43ac method=java.lang.String.isLatin1()Z @ 10 c2
Event: 0.325 Thread 0x000002070e0c09c0 DEOPT PACKING pc=0x000002071eca43ac sp=0x000000cdc63fc340
Event: 0.325 Thread 0x000002070e0c09c0 DEOPT UNPACKING pc=0x00000207172123a3 sp=0x000000cdc63fc270 mode 2
Event: 0.326 Thread 0x000002070e0c09c0 Uncommon trap: trap_request=0xffffff45 fr.pc=0x000002071eca0460 relative=0x0000000000000060
Event: 0.326 Thread 0x000002070e0c09c0 Uncommon trap: reason=unstable_if action=reinterpret pc=0x000002071eca0460 method=java.lang.String.isLatin1()Z @ 10 c2
Event: 0.326 Thread 0x000002070e0c09c0 DEOPT PACKING pc=0x000002071eca0460 sp=0x000000cdc63fc2c0
Event: 0.326 Thread 0x000002070e0c09c0 DEOPT UNPACKING pc=0x00000207172123a3 sp=0x000000cdc63fc260 mode 2

Classes loaded (20 events):
Event: 19.499 Loading class java/util/stream/MatchOps$MatchKind
Event: 19.500 Loading class java/util/stream/MatchOps$MatchKind done
Event: 19.500 Loading class java/util/stream/MatchOps
Event: 19.500 Loading class java/util/stream/MatchOps done
Event: 19.500 Loading class java/util/stream/MatchOps$MatchOp
Event: 19.500 Loading class java/util/stream/MatchOps$MatchOp done
Event: 19.500 Loading class java/util/stream/MatchOps$BooleanTerminalSink
Event: 19.500 Loading class java/util/stream/MatchOps$BooleanTerminalSink done
Event: 19.510 Loading class java/util/stream/MatchOps$1MatchSink
Event: 19.510 Loading class java/util/stream/MatchOps$1MatchSink done
Event: 19.517 Loading class java/util/stream/ReferencePipeline$4
Event: 19.517 Loading class java/util/stream/ReferencePipeline$4 done
Event: 19.517 Loading class java/util/function/IntBinaryOperator
Event: 19.517 Loading class java/util/function/IntBinaryOperator done
Event: 19.525 Loading class java/util/stream/ReduceOps$6
Event: 19.525 Loading class java/util/stream/ReduceOps$6 done
Event: 19.525 Loading class java/util/stream/ReduceOps$5ReducingSink
Event: 19.525 Loading class java/util/stream/ReduceOps$5ReducingSink done
Event: 19.525 Loading class java/util/stream/ReferencePipeline$4$1
Event: 19.525 Loading class java/util/stream/ReferencePipeline$4$1 done

Classes unloaded (0 events):
No events

Classes redefined (1 events):
Event: 109.535 Thread 0x000002073a00aee0 redefined class name=ejercicio3.Ejercicio3Vertex, count=1

Internal exceptions (20 events):
Event: 0.342 Thread 0x000002070e0c09c0 Exception <a 'java/lang/NoSuchMethodError'{0x00000006207f10e0}: 'java.lang.Object java.lang.invoke.DirectMethodHandle$Holder.invokeStaticInit(java.lang.Object, java.lang.Object, java.lang.Object, java.lang.Object)'> (0x00000006207f10e0) 
thrown [s\open\src\hotspot\share\interpreter\linkResolver.cpp, line 759]
Event: 0.344 Thread 0x000002070e0c09c0 Exception <a 'java/lang/NoSuchMethodError'{0x000000062001e820}: 'java.lang.Object java.lang.invoke.DirectMethodHandle$Holder.invokeStaticInit(java.lang.Object, java.lang.Object, java.lang.Object, java.lang.Object, java.lang.Object, java.lang.Object, java.lang.Object)'> (0x000000062001e820) 
thrown [s\open\src\hotspot\share\interpreter\linkResolver.cpp, line 759]
Event: 0.346 Thread 0x000002070e0c09c0 Exception <a 'java/lang/NoSuchMethodError'{0x0000000620030208}: 'java.lang.Object java.lang.invoke.DirectMethodHandle$Holder.invokeStatic(java.lang.Object, java.lang.Object, int)'> (0x0000000620030208) 
thrown [s\open\src\hotspot\share\interpreter\linkResolver.cpp, line 759]
Event: 0.348 Thread 0x000002070e0c09c0 Exception <a 'java/lang/NoSuchMethodError'{0x0000000620046b10}: 'void java.lang.invoke.DelegatingMethodHandle$Holder.delegate(java.lang.Object, java.lang.Object, int, java.lang.Object)'> (0x0000000620046b10) 
thrown [s\open\src\hotspot\share\interpreter\linkResolver.cpp, line 759]
Event: 0.348 Thread 0x000002070e0c09c0 Exception <a 'java/lang/NoSuchMethodError'{0x000000062004ab50}: 'int java.lang.invoke.DirectMethodHandle$Holder.invokeSpecial(java.lang.Object, java.lang.Object, java.lang.Object)'> (0x000000062004ab50) 
thrown [s\open\src\hotspot\share\interpreter\linkResolver.cpp, line 759]
Event: 0.352 Thread 0x000002070e0c09c0 Exception <a 'java/lang/NoSuchMethodError'{0x000000062007fa90}: 'java.lang.Object java.lang.invoke.DirectMethodHandle$Holder.invokeSpecial(java.lang.Object, java.lang.Object, java.lang.Object, java.lang.Object, java.lang.Object, java.lang.Object, java.lang.Object, java.lang.Object, java.lang.Object, java.lang.Object, java.lang.Object, java.lang.Object)'> (0x000000062007fa90) 
thrown [s\open\src\hotspot\share\interpreter\linkResolver.cpp, line 759]
Event: 0.353 Thread 0x000002070e0c09c0 Exception <a 'java/lang/NoSuchMethodError'{0x0000000620084448}: 'java.lang.Object java.lang.invoke.Invokers$Holder.invoker(java.lang.Object, java.lang.Object, java.lang.Object, java.lang.Object, java.lang.Object, java.lang.Object, java.lang.Object, java.lang.Object, java.lang.Object, java.lang.Object, java.lang.Object, java.lang.Object)'> (0x0000000620084448) 
thrown [s\open\src\hotspot\share\interpreter\linkResolver.cpp, line 759]
Event: 0.353 Thread 0x000002070e0c09c0 Exception <a 'java/lang/NoSuchMethodError'{0x000000062008ac78}: 'java.lang.Object java.lang.invoke.DirectMethodHandle$Holder.invokeSpecial(java.lang.Object, java.lang.Object, java.lang.Object, java.lang.Object, java.lang.Object, java.lang.Object, java.lang.Object, java.lang.Object, java.lang.Object, java.lang.Object, java.lang.Object, java.lang.Object, java.lang.Object)'> (0x000000062008ac78) 
thrown [s\open\src\hotspot\share\interpreter\linkResolver.cpp, line 759]
Event: 0.355 Thread 0x000002070e0c09c0 Exception <a 'java/lang/NoSuchMethodError'{0x000000062009f8c0}: 'int java.lang.invoke.DirectMethodHandle$Holder.invokeVirtual(java.lang.Object, java.lang.Object, java.lang.Object)'> (0x000000062009f8c0) 
thrown [s\open\src\hotspot\share\interpreter\linkResolver.cpp, line 759]
Event: 0.355 Thread 0x000002070e0c09c0 Exception <a 'java/lang/NoSuchMethodError'{0x00000006200a31a8}: 'int java.lang.invoke.DirectMethodHandle$Holder.invokeVirtual(java.lang.Object, java.lang.Object)'> (0x00000006200a31a8) 
thrown [s\open\src\hotspot\share\interpreter\linkResolver.cpp, line 759]
Event: 0.355 Thread 0x000002070e0c09c0 Exception <a 'java/lang/NoSuchMethodError'{0x00000006200a7670}: 'int java.lang.invoke.DirectMethodHandle$Holder.invokeStaticInit(java.lang.Object, java.lang.Object, java.lang.Object)'> (0x00000006200a7670) 
thrown [s\open\src\hotspot\share\interpreter\linkResolver.cpp, line 759]
Event: 0.356 Thread 0x000002070e0c09c0 Exception <a 'java/lang/NoSuchMethodError'{0x00000006200aaf20}: 'int java.lang.invoke.DirectMethodHandle$Holder.invokeStaticInit(java.lang.Object, int, int)'> (0x00000006200aaf20) 
thrown [s\open\src\hotspot\share\interpreter\linkResolver.cpp, line 759]
Event: 0.356 Thread 0x000002070e0c09c0 Exception <a 'java/lang/NoSuchMethodError'{0x00000006200b2820}: 'int java.lang.invoke.DirectMethodHandle$Holder.invokeStaticInit(java.lang.Object, long, long)'> (0x00000006200b2820) 
thrown [s\open\src\hotspot\share\interpreter\linkResolver.cpp, line 759]
Event: 0.356 Thread 0x000002070e0c09c0 Exception <a 'java/lang/NoSuchMethodError'{0x00000006200b9678}: 'int java.lang.invoke.DirectMethodHandle$Holder.invokeStaticInit(java.lang.Object, float, float)'> (0x00000006200b9678) 
thrown [s\open\src\hotspot\share\interpreter\linkResolver.cpp, line 759]
Event: 0.357 Thread 0x000002070e0c09c0 Exception <a 'java/lang/NoSuchMethodError'{0x00000006200c04c8}: 'int java.lang.invoke.DirectMethodHandle$Holder.invokeStaticInit(java.lang.Object, double, double)'> (0x00000006200c04c8) 
thrown [s\open\src\hotspot\share\interpreter\linkResolver.cpp, line 759]
Event: 0.357 Thread 0x000002070e0c09c0 Exception <a 'java/lang/NoSuchMethodError'{0x00000006200c4b00}: 'int java.lang.invoke.DirectMethodHandle$Holder.invokeStatic(java.lang.Object, long)'> (0x00000006200c4b00) 
thrown [s\open\src\hotspot\share\interpreter\linkResolver.cpp, line 759]
Event: 0.360 Thread 0x000002070e0c09c0 Exception <a 'java/lang/NoSuchMethodError'{0x00000006200ed230}: 'int java.lang.invoke.Invokers$Holder.linkToTargetMethod(java.lang.Object, java.lang.Object)'> (0x00000006200ed230) 
thrown [s\open\src\hotspot\share\interpreter\linkResolver.cpp, line 759]
Event: 0.370 Thread 0x000002070e0c09c0 Exception <a 'java/lang/NoSuchMethodError'{0x00000006201e41c8}: 'int java.lang.invoke.DirectMethodHandle$Holder.invokeSpecialIFC(java.lang.Object, java.lang.Object, java.lang.Object, java.lang.Object)'> (0x00000006201e41c8) 
thrown [s\open\src\hotspot\share\interpreter\linkResolver.cpp, line 759]
Event: 7.797 Thread 0x000002070e0c09c0 Exception <a 'java/lang/NoSuchMethodError'{0x0000000620201a98}: 'java.lang.Object java.lang.invoke.DirectMethodHandle$Holder.invokeSpecialIFC(java.lang.Object, java.lang.Object, java.lang.Object)'> (0x0000000620201a98) 
thrown [s\open\src\hotspot\share\interpreter\linkResolver.cpp, line 759]
Event: 13.916 Thread 0x000002070e0c09c0 Exception <a 'java/lang/NoSuchMethodError'{0x000000062020e4e8}: 'java.lang.Object java.lang.invoke.DirectMethodHandle$Holder.newInvokeSpecial(java.lang.Object, java.lang.Object, java.lang.Object, java.lang.Object, java.lang.Object)'> (0x000000062020e4e8) 
thrown [s\open\src\hotspot\share\interpreter\linkResolver.cpp, line 759]

VM Operations (20 events):
Event: 101.016 Executing VM operation: get/set locals
Event: 101.016 Executing VM operation: get/set locals done
Event: 109.531 Executing VM operation: ChangeSingleStep
Event: 109.531 Executing VM operation: ChangeSingleStep done
Event: 109.531 Executing VM operation: ChangeSingleStep
Event: 109.531 Executing VM operation: ChangeSingleStep done
Event: 109.534 Executing VM operation: RedefineClasses
Event: 109.537 Executing VM operation: RedefineClasses done
Event: 109.541 Executing VM operation: ChangeBreakpoints
Event: 109.541 Executing VM operation: ChangeBreakpoints done
Event: 109.543 Executing VM operation: ChangeBreakpoints
Event: 109.544 Executing VM operation: ChangeBreakpoints done
Event: 109.545 Executing VM operation: ChangeSingleStep
Event: 109.545 Executing VM operation: ChangeSingleStep done
Event: 109.545 Executing VM operation: get/set locals
Event: 109.545 Executing VM operation: get/set locals done
Event: 109.546 Executing VM operation: ChangeSingleStep
Event: 109.546 Executing VM operation: ChangeSingleStep done
Event: 109.607 Executing VM operation: get/set locals
Event: 109.608 Executing VM operation: get/set locals done

Events (20 events):
Event: 0.022 Thread 0x000002073a027dc0 Thread added: 0x000002073a027dc0
Event: 0.022 Thread 0x0000020740d38090 Thread added: 0x0000020740d38090
Event: 0.022 Thread 0x0000020740d38fb0 Thread added: 0x0000020740d38fb0
Event: 0.022 Thread 0x0000020740d396c0 Thread added: 0x0000020740d396c0
Event: 0.037 Thread 0x0000020740e33600 Thread added: 0x0000020740e33600
Event: 0.041 Loaded shared library C:\Program Files\Java\jdk-18.0.2.1\bin\net.dll
Event: 0.042 Loaded shared library C:\Program Files\Java\jdk-18.0.2.1\bin\nio.dll
Event: 0.074 Thread 0x0000020740ea9f10 Thread added: 0x0000020740ea9f10
Event: 0.097 Loaded shared library C:\Program Files\Java\jdk-18.0.2.1\bin\zip.dll
Event: 0.127 Thread 0x00000207410dcaa0 Thread added: 0x00000207410dcaa0
Event: 0.160 Thread 0x00000207412d8990 Thread added: 0x00000207412d8990
Event: 0.160 Thread 0x00000207412a2c90 Thread added: 0x00000207412a2c90
Event: 0.160 Thread 0x000002074100e6e0 Thread added: 0x000002074100e6e0
Event: 0.209 Loaded shared library C:\Program Files\Java\jdk-18.0.2.1\bin\zip.dll
Event: 0.211 Loaded shared library C:\Program Files\Java\jdk-18.0.2.1\bin\instrument.dll
Event: 0.250 Loaded shared library C:\Program Files\Java\jdk-18.0.2.1\bin\jimage.dll
Event: 0.296 Thread 0x0000020740e31920 Thread added: 0x0000020740e31920
Event: 0.300 Loaded shared library C:\Program Files\Java\jdk-18.0.2.1\bin\verify.dll
Event: 5.383 Thread 0x00000207410dcaa0 Thread exited: 0x00000207410dcaa0
Event: 10.383 Thread 0x0000020740ea9f10 Thread exited: 0x0000020740ea9f10


Dynamic libraries:
0x00007ff7be5d0000 - 0x00007ff7be5e0000 	C:\Program Files\Java\jdk-18.0.2.1\bin\javaw.exe
0x00007ffdc2490000 - 0x00007ffdc26a4000 	C:\Windows\SYSTEM32\ntdll.dll
0x00007ffdc11f0000 - 0x00007ffdc12b2000 	C:\Windows\System32\KERNEL32.DLL
0x00007ffdbfc30000 - 0x00007ffdbffcc000 	C:\Windows\System32\KERNELBASE.dll
0x00007ffdbfa70000 - 0x00007ffdbfb81000 	C:\Windows\System32\ucrtbase.dll
0x00007ffdbcfd0000 - 0x00007ffdbcfe8000 	C:\Program Files\Java\jdk-18.0.2.1\bin\jli.dll
0x00007ffdae820000 - 0x00007ffdae83a000 	C:\Program Files\Java\jdk-18.0.2.1\bin\VCRUNTIME140.dll
0x00007ffdc0e90000 - 0x00007ffdc0f3e000 	C:\Windows\System32\ADVAPI32.dll
0x00007ffdc04b0000 - 0x00007ffdc0557000 	C:\Windows\System32\msvcrt.dll
0x00007ffdc13c0000 - 0x00007ffdc1464000 	C:\Windows\System32\sechost.dll
0x00007ffdc05e0000 - 0x00007ffdc06f7000 	C:\Windows\System32\RPCRT4.dll
0x00007ffdc0f40000 - 0x00007ffdc10eb000 	C:\Windows\System32\USER32.dll
0x00007ffdc0270000 - 0x00007ffdc0296000 	C:\Windows\System32\win32u.dll
0x00007ffda9750000 - 0x00007ffda99de000 	C:\Windows\WinSxS\amd64_microsoft.windows.common-controls_6595b64144ccf1df_6.0.22621.608_none_a9444ca7c10bb01d\COMCTL32.dll
0x00007ffdc22d0000 - 0x00007ffdc22f9000 	C:\Windows\System32\GDI32.dll
0x00007ffdbf950000 - 0x00007ffdbfa63000 	C:\Windows\System32\gdi32full.dll
0x00007ffdbfb90000 - 0x00007ffdbfc2a000 	C:\Windows\System32\msvcp_win.dll
0x00007ffdb88e0000 - 0x00007ffdb88ea000 	C:\Windows\SYSTEM32\VERSION.dll
0x00007ffdc2400000 - 0x00007ffdc2431000 	C:\Windows\System32\IMM32.DLL
0x00007ffdbcfa0000 - 0x00007ffdbcfac000 	C:\Program Files\Java\jdk-18.0.2.1\bin\vcruntime140_1.dll
0x00007ffd7fad0000 - 0x00007ffd7fb5d000 	C:\Program Files\Java\jdk-18.0.2.1\bin\msvcp140.dll
0x00007ffd09370000 - 0x00007ffd09f81000 	C:\Program Files\Java\jdk-18.0.2.1\bin\server\jvm.dll
0x00007ffdc2440000 - 0x00007ffdc2448000 	C:\Windows\System32\PSAPI.DLL
0x00007ffdb14f0000 - 0x00007ffdb1524000 	C:\Windows\SYSTEM32\WINMM.dll
0x00007ffdae1f0000 - 0x00007ffdae1f9000 	C:\Windows\SYSTEM32\WSOCK32.dll
0x00007ffdc0ab0000 - 0x00007ffdc0b21000 	C:\Windows\System32\WS2_32.dll
0x00007ffdbea10000 - 0x00007ffdbea28000 	C:\Windows\SYSTEM32\kernel.appcore.dll
0x00007ffdb9290000 - 0x00007ffdb929a000 	C:\Program Files\Java\jdk-18.0.2.1\bin\jimage.dll
0x00007ffdade20000 - 0x00007ffdae04e000 	C:\Windows\SYSTEM32\DBGHELP.DLL
0x00007ffdc0720000 - 0x00007ffdc0aa9000 	C:\Windows\System32\combase.dll
0x00007ffdc2300000 - 0x00007ffdc23d7000 	C:\Windows\System32\OLEAUT32.dll
0x00007ffda9db0000 - 0x00007ffda9de2000 	C:\Windows\SYSTEM32\dbgcore.DLL
0x00007ffdbf8d0000 - 0x00007ffdbf94b000 	C:\Windows\System32\bcryptPrimitives.dll
0x00007ffda6650000 - 0x00007ffda668b000 	C:\Program Files\Java\jdk-18.0.2.1\bin\jdwp.dll
0x00007ffdb8f10000 - 0x00007ffdb8f1e000 	C:\Program Files\Java\jdk-18.0.2.1\bin\instrument.dll
0x00007ffd88f30000 - 0x00007ffd88f55000 	C:\Program Files\Java\jdk-18.0.2.1\bin\java.dll
0x00007ffd62510000 - 0x00007ffd625e6000 	C:\Program Files\Java\jdk-18.0.2.1\bin\jsvml.dll
0x00007ffdc1610000 - 0x00007ffdc1e00000 	C:\Windows\System32\SHELL32.dll
0x00007ffdbd8f0000 - 0x00007ffdbe1bd000 	C:\Windows\SYSTEM32\windows.storage.dll
0x00007ffdbd7b0000 - 0x00007ffdbd8ee000 	C:\Windows\SYSTEM32\wintypes.dll
0x00007ffdc10f0000 - 0x00007ffdc11e1000 	C:\Windows\System32\SHCORE.dll
0x00007ffdc0be0000 - 0x00007ffdc0c3e000 	C:\Windows\System32\shlwapi.dll
0x00007ffdbf800000 - 0x00007ffdbf821000 	C:\Windows\SYSTEM32\profapi.dll
0x00007ffd9af90000 - 0x00007ffd9afa3000 	C:\Program Files\Java\jdk-18.0.2.1\bin\net.dll
0x00007ffdb8f40000 - 0x00007ffdb9077000 	C:\Windows\SYSTEM32\WINHTTP.dll
0x00007ffdbee80000 - 0x00007ffdbeee9000 	C:\Windows\system32\mswsock.dll
0x00007ffd9a9d0000 - 0x00007ffd9a9e6000 	C:\Program Files\Java\jdk-18.0.2.1\bin\nio.dll
0x00007ffd98c30000 - 0x00007ffd98c48000 	C:\Program Files\Java\jdk-18.0.2.1\bin\zip.dll
0x00007ffdb01e0000 - 0x00007ffdb01ec000 	C:\Program Files\Java\jdk-18.0.2.1\bin\dt_socket.dll
0x00007ffdbe480000 - 0x00007ffdbe4ad000 	C:\Windows\SYSTEM32\IPHLPAPI.DLL
0x00007ffdbe4f0000 - 0x00007ffdbe5e3000 	C:\Windows\SYSTEM32\DNSAPI.dll
0x00007ffdc0310000 - 0x00007ffdc0319000 	C:\Windows\System32\NSI.dll
0x00007ffdb6dd0000 - 0x00007ffdb6dda000 	C:\Windows\System32\rasadhlp.dll
0x00007ffdb8b20000 - 0x00007ffdb8ba3000 	C:\Windows\System32\fwpuclnt.dll
0x00007ffdaf280000 - 0x00007ffdaf290000 	C:\Program Files\Java\jdk-18.0.2.1\bin\verify.dll

dbghelp: loaded successfully - version: 4.0.5 - missing functions: none
symbol engine: initialized successfully - sym options: 0x614 - pdb path: .;C:\Program Files\Java\jdk-18.0.2.1\bin;C:\Windows\SYSTEM32;C:\Windows\WinSxS\amd64_microsoft.windows.common-controls_6595b64144ccf1df_6.0.22621.608_none_a9444ca7c10bb01d;C:\Program Files\Java\jdk-18.0.2.1\bin\server

VM Arguments:
jvm_args: -XX:+ShowCodeDetailsInExceptionMessages -agentlib:jdwp=transport=dt_socket,suspend=y,address=localhost:56635 --enable-preview -javaagent:C:\Users\marco\Desktop\eclipse\configuration\org.eclipse.osgi\215\0\.cp\lib\javaagent-shaded.jar -Dfile.encoding=UTF-8 --module-path=C:\Users\marco\Desktop\workspace adda23\PI5_marrodgar60\bin;C:\Users\marco\git\ada_v2_18\java\Grafos\bin;C:\Users\marco\git\ada_v2_18\java\Solve\bin;C:\Users\marco\git\ada_v2_18\java\ParteComun\target\classes;C:\Users\marco\git\ada_v2_18\java\ParteComun\lib\antlr4-runtime-4.9.2.jar;C:\Users\marco\git\ada_v2_18\java\ParteComun\lib\jgrapht-core-1.5.0.jar;C:\Users\marco\git\ada_v2_18\java\ParteComun\lib\jgrapht-io-1.5.0.jar;C:\Users\marco\git\ada_v2_18\java\ParteComun\lib\jheaps-0.13.jar;C:\Users\marco\git\ada_v2_18\java\ParteComun\lib\commons-text-1.8.jar;C:\Users\marco\git\ada_v2_18\java\ParteComun\lib\commons-math3-3.6.1.jar;C:\Users\marco\git\ada_v2_18\java\ParteComun\lib\juniversalchardet-1.0.3.jar;C:\Users\marco\git\ada_v2_18\java\ParteComun\lib\matplotlib4j-0.5.1.jar;C:\Users\marco\git\ada_v2_18\java\ParteComun\lib\slf4j-api-1.7.7.jar;C:\Users\marco\git\ada_v2_18\java\ParteComun\lib\slf4j-log4j12-1.7.7.jar;C:\Users\marco\git\ada_v2_18\java\ParteComun\lib\log4j-1.2.17.jar;C:\Users\marco\git\ada_v2_18\java\ParteComun\lib\guava-15.0.jar;C:\Users\marco\git\ada_v2_18\java\DatosCompartidos\bin;C:\Users\marco\git\ada_v2_18\java\Solve\lib\gurobi.jar;C:\Users\marco\git\ada_v2_18\java\Solve\lib\antlr4-runtime-4.9.2.jar;C:\Users\marco\git\ada_v2_18\java\Grafos\lib\commons-lang3-3.9.jar;C:\Users\marco\git\ada_v2_18\java\Grafos\lib\commons-text-1.8.jar;C:\Users\marco\git\ada_v2_18\java\Grafos\lib\jgrapht-core-1.5.0.jar;C:\Users\marco\git\ada_v2_18\java\Grafos\lib\jgrapht-io-1.5.0.jar;C:\Users\marco\git\ada_v2_18\java\Grafos\lib\jheaps-0.13.jar --enable-preview -Djdk.module.main=miUVUS_PI5 
java_command: miUVUS_PI5/ejercicio3.TestEjercicio3B
java_class_path (initial): <not set>
Launcher Type: SUN_STANDARD

[Global flags]
     intx CICompilerCount                          = 4                                         {product} {ergonomic}
     uint ConcGCThreads                            = 3                                         {product} {ergonomic}
     uint G1ConcRefinementThreads                  = 10                                        {product} {ergonomic}
   size_t G1HeapRegionSize                         = 4194304                                   {product} {ergonomic}
    uintx GCDrainStackTargetSize                   = 64                                        {product} {ergonomic}
   size_t InitialHeapSize                          = 536870912                                 {product} {ergonomic}
   size_t MarkStackSize                            = 4194304                                   {product} {ergonomic}
   size_t MaxHeapSize                              = 8568963072                                {product} {ergonomic}
   size_t MaxNewSize                               = 5138022400                                {product} {ergonomic}
   size_t MinHeapDeltaBytes                        = 4194304                                   {product} {ergonomic}
   size_t MinHeapSize                              = 8388608                                   {product} {ergonomic}
    uintx NonNMethodCodeHeapSize                   = 5839372                                {pd product} {ergonomic}
    uintx NonProfiledCodeHeapSize                  = 122909434                              {pd product} {ergonomic}
    uintx ProfiledCodeHeapSize                     = 122909434                              {pd product} {ergonomic}
    uintx ReservedCodeCacheSize                    = 251658240                              {pd product} {ergonomic}
     bool SegmentedCodeCache                       = true                                      {product} {ergonomic}
     bool ShowCodeDetailsInExceptionMessages       = true                                   {manageable} {command line}
   size_t SoftMaxHeapSize                          = 8568963072                             {manageable} {ergonomic}
     bool UseCompressedClassPointers               = true                           {product lp64_product} {ergonomic}
     bool UseCompressedOops                        = true                           {product lp64_product} {ergonomic}
     bool UseG1GC                                  = true                                      {product} {ergonomic}
     bool UseLargePagesIndividualAllocation        = false                                  {pd product} {ergonomic}

Logging:
Log output configuration:
 #0: stdout all=warning uptime,level,tags foldmultilines=false
 #1: stderr all=off uptime,level,tags foldmultilines=false

Environment Variables:
PATH=C:/Users/marco/Desktop/eclipse//plugins/org.eclipse.justj.openjdk.hotspot.jre.full.win32.x86_64_17.0.3.v20220515-1416/jre/bin/server;C:/Users/marco/Desktop/eclipse//plugins/org.eclipse.justj.openjdk.hotspot.jre.full.win32.x86_64_17.0.3.v20220515-1416/jre/bin;C:\Program Files\Python310\Scripts\;C:\Program Files\Python310\;C:\Program Files\Microsoft\jdk-11.0.16.101-hotspot\bin;C:\Program Files\Common Files\Oracle\Java\javapath;C:\Windows\system32;C:\Windows;C:\Windows\System32\Wbem;C:\Windows\System32\WindowsPowerShell\v1.0\;C:\Windows\System32\OpenSSH\;C:\Program Files (x86)\NVIDIA Corporation\PhysX\Common;C:\Program Files\NVIDIA Corporation\NVIDIA NvDLISR;C:\Program Files\dotnet\;C:\Program Files\PuTTY\;C:\Program Files\Git\cmd;C:\Users\marco\AppData\Local\Programs\Python\Python39\Scripts\;C:\Users\marco\AppData\Local\Programs\Python\Python39\;C:\Users\marco\AppData\Local\Microsoft\WindowsApps;C:\Users\marco\.dotnet\tools;C:\Users\marco\Desktop\eclipse;
USERNAME=marco
OS=Windows_NT
PROCESSOR_IDENTIFIER=AMD64 Family 23 Model 113 Stepping 0, AuthenticAMD



---------------  S Y S T E M  ---------------

OS:
 Windows 11 , 64 bit Build 22621 (10.0.22621.1485)
OS uptime: 2 days 12:18 hours

CPU: total 12 (initial active 12) (12 cores per cpu, 2 threads per core) family 23 model 113 stepping 0 microcode 0x0, cx8, cmov, fxsr, ht, mmx, 3dnowpref, sse, sse2, sse3, ssse3, sse4a, sse4.1, sse4.2, popcnt, lzcnt, tsc, tscinvbit, avx, avx2, aes, clmul, bmi1, bmi2, adx, sha, fma, vzeroupper, clflush, clflushopt

Memory: 4k page, system-wide physical 32679M (22614M free)
TotalPageFile size 34727M (AvailPageFile size 18711M)
current process WorkingSet (physical memory assigned to process): 62M, peak: 66M
current process commit charge ("private bytes"): 620M, peak: 625M

vm_info: Java HotSpot(TM) 64-Bit Server VM (18.0.2.1+1-1) for windows-amd64 JRE (18.0.2.1+1-1), built on Aug 16 2022 01:46:33 by "mach5one" with MS VC++ 16.8 / 16.9 (VS2019)

END.
